\BOOKMARK [1][-]{section.1}{\376\377\000W\000s\000t\001\031\000p}{}% 1
\BOOKMARK [1][-]{section.2}{\376\377\001\101\000a\001\104\000c\000u\000c\000h\000y\000\040\000M\000a\000r\000k\000o\000v\000a}{}% 2
\BOOKMARK [2][-]{subsection.2.1}{\376\377\000W\000s\000t\001\031\000p}{section.2}% 3
\BOOKMARK [2][-]{subsection.2.2}{\376\377\000P\000r\000a\000w\000o\000\040\000Z\000i\000p\000f\000a}{section.2}% 4
\BOOKMARK [2][-]{subsection.2.3}{\376\377\000P\000r\000a\000w\000o\000\040\000H\000e\000a\000p\000s\000a}{section.2}% 5
\BOOKMARK [2][-]{subsection.2.4}{\376\377\000E\000n\000t\000r\000o\000p\000i\000a\000\040\000K\000r\000z\000y\001\174\000o\000w\000a}{section.2}% 6
\BOOKMARK [2][-]{subsection.2.5}{\376\377\000P\000e\000r\000p\000l\000e\000k\000s\000j\000a}{section.2}% 7
\BOOKMARK [2][-]{subsection.2.6}{\376\377\000S\000e\000l\000f\000-\000B\000L\000E\000U}{section.2}% 8
\BOOKMARK [2][-]{subsection.2.7}{\376\377\000P\000r\000z\000y\000k\001\102\000a\000d\000o\000w\000e\000\040\000w\000y\000n\000i\000k\000i}{section.2}% 9
\BOOKMARK [1][-]{section.3}{\376\377\000R\000e\000k\000u\000r\000e\000n\000c\000y\000j\000n\000e\000\040\000S\000i\000e\000c\000i\000\040\000N\000e\000u\000r\000o\000n\000o\000w\000e}{}% 10
\BOOKMARK [2][-]{subsection.3.1}{\376\377\000W\000s\000t\001\031\000p\000\040\000o\000\040\000r\000e\000k\000u\000r\000e\000n\000c\000y\000j\000n\000y\000c\000h\000\040\000s\000i\000e\000c\000i\000a\000c\000h\000\040\000n\000e\000u\000r\000o\000n\000o\000w\000y\000c\000h}{section.3}% 11
\BOOKMARK [2][-]{subsection.3.2}{\376\377\000L\000S\000T\000M}{section.3}% 12
\BOOKMARK [2][-]{subsection.3.3}{\376\377\000G\000R\000U}{section.3}% 13
\BOOKMARK [2][-]{subsection.3.4}{\376\377\000R\000\363\001\174\000n\000i\000c\000e\000\040\000m\000i\001\031\000d\000z\000y\000\040\000L\000S\000T\000M\000,\000\040\000a\000\040\000G\000R\000U}{section.3}% 14
\BOOKMARK [2][-]{subsection.3.5}{\376\377\000P\000r\000o\000b\000l\000e\000m\000\040\000z\000n\000i\000k\000a\000j\001\005\000c\000e\000g\000o\000\040\000g\000r\000a\000d\000i\000e\000n\000t\000u}{section.3}% 15
\BOOKMARK [2][-]{subsection.3.6}{\376\377\000E\000m\000b\000e\000d\000d\000i\000n\000g}{section.3}% 16
\BOOKMARK [1][-]{section.4}{\376\377\000S\000i\000e\000c\000i\000\040\000n\000e\000u\000r\000o\000n\000o\000w\000e\000\040\000n\000a\000\040\000t\000r\000a\000n\000s\000f\000o\000r\000m\000a\000t\000o\000r\000a\000c\000h}{}% 17
\BOOKMARK [2][-]{subsection.4.1}{\376\377\000P\000r\000z\000y\000k\001\102\000a\000d\000o\000w\000e\000\040\000w\000y\000k\000o\000r\000z\000y\000s\000t\000a\000n\000i\000e\000\040\000s\000i\000e\000c\000i\000\040\000n\000e\000u\000r\000o\000n\000o\000w\000y\000c\000h\000\040\000n\000a\000\040\000t\000r\000a\000n\000s\000f\000o\000r\000m\000a\000t\000o\000a\000r\000a\000c\000h\000:}{section.4}% 18
\BOOKMARK [2][-]{subsection.4.2}{\376\377\000A\000n\000a\000l\000i\000z\000a\000\040\000d\000z\000i\000a\001\102\000a\000n\000i\000a\000\040\000t\000r\000a\000n\000s\000f\000o\000r\000m\000e\000r\000a\000:}{section.4}% 19
\BOOKMARK [2][-]{subsection.4.3}{\376\377\000W\000a\000d\000y\000\040\000i\000\040\000z\000a\000l\000e\000t\000y\000:}{section.4}% 20
\BOOKMARK [1][-]{section.5}{\376\377\000G\000P\000T\000-\0002}{}% 21
\BOOKMARK [1][-]{section.6}{\376\377\000R\000e\000a\000l\000i\000z\000a\000c\000j\000a\000\040\000p\000r\000a\000k\000t\000y\000c\000z\000n\000a\000\040\000z\000\040\000w\000y\000k\000o\000r\000z\000y\000s\000t\000a\000n\000i\000e\000m\000\040\000R\000N\000N}{}% 22
\BOOKMARK [2][-]{subsection.6.1}{\376\377\000U\001\174\000y\000t\000e\000\040\000n\000a\000r\000z\001\031\000d\000z\000i\000a}{section.6}% 23
\BOOKMARK [2][-]{subsection.6.2}{\376\377\000S\000t\000r\000u\000k\000t\000u\000r\000a\000\040\000k\000o\000d\000u}{section.6}% 24
\BOOKMARK [2][-]{subsection.6.3}{\376\377\000D\000a\000n\000e\000\040\000u\000c\000z\001\005\000c\000e}{section.6}% 25
\BOOKMARK [2][-]{subsection.6.4}{\376\377\000M\000o\000d\000e\000l\000e\000\040\000R\000N\000N}{section.6}% 26
\BOOKMARK [3][-]{subsubsection.6.4.1}{\376\377\000d\000e\000f\000a\000u\000l\000t\000\137\000l\000s\000t\000m}{subsection.6.4}% 27
\BOOKMARK [3][-]{subsubsection.6.4.2}{\376\377\000b\000e\000t\000a\000\137\000l\000s\000t\000m}{subsection.6.4}% 28
\BOOKMARK [3][-]{subsubsection.6.4.3}{\376\377\000g\000a\000m\000m\000a\000\137\000l\000s\000t\000m}{subsection.6.4}% 29
\BOOKMARK [3][-]{subsubsection.6.4.4}{\376\377\000o\000m\000i\000c\000r\000o\000n\000\137\000l\000s\000t\000m}{subsection.6.4}% 30
\BOOKMARK [3][-]{subsubsection.6.4.5}{\376\377\000d\000e\000f\000a\000u\000l\000t\000\137\000g\000r\000u}{subsection.6.4}% 31
\BOOKMARK [3][-]{subsubsection.6.4.6}{\376\377\000b\000e\000t\000a\000\137\000g\000r\000u}{subsection.6.4}% 32
\BOOKMARK [3][-]{subsubsection.6.4.7}{\376\377\000D\000o\000t\000r\000e\000n\000o\000w\000a\000n\000y\000\040\000m\000o\000d\000e\000l\000\040\000G\000P\000T\000-\0002}{subsection.6.4}% 33
