epoch,accuracy,loss,precision,recall,val_accuracy,val_loss,val_precision,val_recall
0,0.04368617385625839,6.254223346710205,0.0,0.0,0.050213105976581573,6.510298252105713,0.0,0.0
1,0.04754265397787094,5.950713634490967,0.0,0.0,0.04874800145626068,6.637467861175537,0.0,0.0
2,0.05297257378697395,5.7926788330078125,0.0,0.0,0.045817796140909195,6.700255870819092,0.0,0.0
3,0.06121000647544861,5.639612197875977,0.0,0.0,0.05141182616353035,6.730255126953125,0.0,0.0
4,0.07318051159381866,5.495490550994873,0.75,0.00018511091184336692,0.04022376239299774,6.826550006866455,0.0,0.0
5,0.0850893184542656,5.354386329650879,0.9508196711540222,0.0017894054763019085,0.045151837170124054,6.8647379875183105,0.0,0.0
6,0.09801622480154037,5.216432571411133,0.9324324131011963,0.0042575509287416935,0.04395311698317528,6.958686351776123,0.0,0.0
7,0.10890691727399826,5.084468364715576,0.9372385144233704,0.006910807453095913,0.03982418775558472,7.07486629486084,0.0,0.0
8,0.1200752779841423,4.963571548461914,0.9131736755371094,0.009409804828464985,0.046750131994485855,7.1421098709106445,0.0,0.0
9,0.12889890372753143,4.851385116577148,0.9197247624397278,0.012371579185128212,0.045950986444950104,7.187646389007568,0.029411764815449715,0.00013319126446731389
10,0.13796932995319366,4.739042282104492,0.9033392071723938,0.015857834368944168,0.046616941690444946,7.30228328704834,0.05882352963089943,0.00026638252893462777
11,0.14981643855571747,4.636832237243652,0.8919288516044617,0.020115386694669724,0.04688332602381706,7.367163181304932,0.04444444552063942,0.00026638252893462777
12,0.1573442816734314,4.534491062164307,0.8934516906738281,0.02483571320772171,0.04368673264980316,7.425047874450684,0.04444444552063942,0.00026638252893462777
13,0.16715514659881592,4.442898750305176,0.9059907793998718,0.030327338725328445,0.04368673264980316,7.5351338386535645,0.033898305147886276,0.00026638252893462777
14,0.17931076884269714,4.34983491897583,0.8825422525405884,0.033844444900751114,0.0427543967962265,7.647549152374268,0.10638298094272614,0.000665956293232739
15,0.1864066869020462,4.276167392730713,0.8853046298027039,0.03810199722647667,0.044885456562042236,7.738982200622559,0.08571428805589676,0.0007991475868038833
16,0.19563138484954834,4.1977620124816895,0.8891001343727112,0.043285101652145386,0.03729355335235596,7.8362627029418945,0.12765957415103912,0.0007991475868038833
17,0.20266559720039368,4.1283674240112305,0.876173734664917,0.046061765402555466,0.046616941690444946,7.911702632904053,0.0923076942563057,0.0007991475868038833
18,0.21232222020626068,4.056253433227539,0.8869333267211914,0.051306575536727905,0.039957378059625626,8.013676643371582,0.07608695328235626,0.0009323388221673667
19,0.2211458384990692,3.985872507095337,0.89794921875,0.05673649534583092,0.04195524752140045,8.100364685058594,0.06422018259763718,0.0009323388221673667
20,0.23070989549160004,3.91831374168396,0.8903312683105469,0.06136426702141762,0.04235482215881348,8.187294960021973,0.0555555559694767,0.0007991475868038833
21,0.24008885025978088,3.8661394119262695,0.8971126675605774,0.06805910915136337,0.03716036304831505,8.291644096374512,0.04901960864663124,0.000665956293232739
22,0.24598154425621033,3.8198132514953613,0.8945711851119995,0.07015703618526459,0.03929142281413078,8.36000919342041,0.12612612545490265,0.0018646776443347335
23,0.2521827518939972,3.760848045349121,0.887721836566925,0.07561780512332916,0.03969099745154381,8.442827224731445,0.0555555559694767,0.0007991475868038833
24,0.26285749673843384,3.7011468410491943,0.9067941308021545,0.08194243162870407,0.035961639136075974,8.532610893249512,0.10256410390138626,0.0015982951736077666
25,0.2661586403846741,3.6525447368621826,0.8935081362724304,0.08619998395442963,0.03902503848075867,8.641027450561523,0.05921052768826485,0.0011987213511019945
26,0.2734396755695343,3.6097776889801025,0.8901644349098206,0.08851386606693268,0.03289824351668358,8.684846878051758,0.09848485141992569,0.00173148640897125
27,0.2805664539337158,3.561613082885742,0.891781210899353,0.09406719356775284,0.03716036304831505,8.840132713317871,0.04651162773370743,0.001065530115738511
28,0.2843920588493347,3.513422727584839,0.8908546566963196,0.10097800195217133,0.040756527334451675,8.858263969421387,0.056603774428367615,0.0011987213511019945
29,0.29306143522262573,3.4773075580596924,0.8997127413749695,0.10628451406955719,0.03875865787267685,8.867030143737793,0.05970149114727974,0.001065530115738511
30,0.29685619473457336,3.4533114433288574,0.8971255421638489,0.109770767390728,0.03809270262718201,8.961006164550781,0.08484848588705063,0.0018646776443347335
31,0.3042297959327698,3.410872459411621,0.9028418660163879,0.11467620730400085,0.04062333330512047,9.039885520935059,0.0694444477558136,0.001331912586465478
32,0.3085182011127472,3.369938850402832,0.8961977958679199,0.1185326874256134,0.03542887419462204,9.062559127807617,0.05128205195069313,0.001065530115738511
33,0.3112640082836151,3.3375346660614014,0.8952808976173401,0.12291364371776581,0.03875865787267685,9.189604759216309,0.05936073139309883,0.00173148640897125
34,0.3179279863834381,3.301569700241089,0.8964826464653015,0.12424027174711227,0.03862546756863594,9.231661796569824,0.08040200918912888,0.002131060231477022
35,0.3217536211013794,3.2792675495147705,0.8984575867652893,0.12939253449440002,0.0395578034222126,9.304594039916992,0.0379146933555603,0.001065530115738511
36,0.3296208381652832,3.246952533721924,0.897378146648407,0.13516181707382202,0.035961639136075974,9.347674369812012,0.08181817829608917,0.002397442702203989
37,0.33054637908935547,3.2169601917266846,0.9043197631835938,0.13821615278720856,0.03902503848075867,9.396512031555176,0.0381355918943882,0.0011987213511019945
38,0.3371795415878296,3.1832504272460938,0.9018453359603882,0.14173325896263123,0.04022376239299774,9.475790977478027,0.046875,0.0015982951736077666
39,0.34094345569610596,3.1606061458587646,0.8973528742790222,0.14537377655506134,0.04302077740430832,9.497529029846191,0.056886225938797,0.0025306339375674725
40,0.3442445993423462,3.1273033618927,0.8974406123161316,0.15145157277584076,0.03542887419462204,9.58436107635498,0.02777777798473835,0.001065530115738511
41,0.3484712839126587,3.108677864074707,0.8949556946754456,0.1527165025472641,0.03782631829380989,9.622126579284668,0.04182509332895279,0.0014651039382442832
42,0.35636934638023376,3.077669620513916,0.9007860422134399,0.15910282731056213,0.03769312798976898,9.6751070022583,0.039007093757390976,0.0014651039382442832
43,0.3575725853443146,3.04754900932312,0.8996052742004395,0.1617252379655838,0.03862546756863594,9.647307395935059,0.043824702501297,0.0014651039382442832
44,0.3622003495693207,3.0366756916046143,0.8988105058670044,0.16552001237869263,0.03729355335235596,9.786482810974121,0.03658536449074745,0.0015982951736077666
45,0.3671366572380066,2.998046875,0.8975570201873779,0.17002438008785248,0.034230154007673264,9.764082908630371,0.05833333358168602,0.0027970164082944393
46,0.36775368452072144,2.9762818813323975,0.9023300409317017,0.17443618178367615,0.03436334431171417,9.834589004516602,0.023668639361858368,0.001065530115738511
47,0.3712707757949829,2.957214593887329,0.8924781680107117,0.17644155025482178,0.031699519604444504,9.900659561157227,0.02787456475198269,0.001065530115738511
48,0.3743559718132019,2.942371129989624,0.8936790227890015,0.17971184849739075,0.03689397871494293,9.882534980773926,0.06230529770255089,0.002663825172930956
49,0.3783358633518219,2.90565824508667,0.9090629816055298,0.1825810670852661,0.03542887419462204,9.92538833618164,0.020270269364118576,0.0007991475868038833
50,0.3810199499130249,2.892522096633911,0.8988396525382996,0.1864066869020462,0.03436334431171417,10.046780586242676,0.050802137702703476,0.0025306339375674725
51,0.3848455846309662,2.877439022064209,0.9013605713844299,0.1880418360233307,0.03769312798976898,10.027239799499512,0.05524861812591553,0.002663825172930956
52,0.38845524191856384,2.85833740234375,0.9024707674980164,0.19270046055316925,0.03729355335235596,10.111005783081055,0.05426356568932533,0.0027970164082944393
53,0.38950422406196594,2.842618465423584,0.8990087509155273,0.1930706799030304,0.03716036304831505,10.117026329040527,0.049723755568265915,0.002397442702203989
54,0.3998704254627228,2.801605463027954,0.894590437412262,0.19846974313259125,0.03502930328249931,10.17855453491211,0.05066666752099991,0.0025306339375674725
55,0.3945947587490082,2.802899122238159,0.904435932636261,0.20380711555480957,0.035695258527994156,10.254289627075195,0.022075055167078972,0.001331912586465478
56,0.39842039346694946,2.790135383605957,0.8944886326789856,0.20479437708854675,0.03969099745154381,10.259237289428711,0.054999999701976776,0.0029302078764885664
57,0.40452903509140015,2.75295090675354,0.9052561521530151,0.20988492667675018,0.03449653834104538,10.275650024414062,0.04591836780309677,0.002397442702203989
58,0.4038503170013428,2.750401496887207,0.8986592888832092,0.2109338790178299,0.03529568389058113,10.29474925994873,0.0385604128241539,0.0019978689961135387
59,0.40742912888526917,2.726511240005493,0.8954035043716431,0.21155092120170593,0.03369738906621933,10.37491226196289,0.04470588266849518,0.0025306339375674725
60,0.4135686159133911,2.7023305892944336,0.9034544825553894,0.21624039113521576,0.029701652005314827,10.376791954040527,0.04106280207633972,0.0022642514668405056
61,0.41150155663490295,2.7005972862243652,0.8978399038314819,0.2179989516735077,0.029302077367901802,10.443765640258789,0.05701754242181778,0.0034629728179425
62,0.41773363947868347,2.6779959201812744,0.897724449634552,0.22395335137844086,0.03502930328249931,10.470919609069824,0.057446807622909546,0.0035961640533059835
63,0.4199858009815216,2.6670470237731934,0.901905357837677,0.2263597995042801,0.03609483316540718,10.494196891784668,0.07157894968986511,0.004528502933681011
64,0.4238731265068054,2.6278226375579834,0.8992587327957153,0.228303462266922,0.03556206822395325,10.565278053283691,0.078125,0.004661694169044495
65,0.422484815120697,2.632838249206543,0.9002529978752136,0.23055563867092133,0.034896109253168106,10.573188781738281,0.07847082614898682,0.005194459110498428
66,0.42529231309890747,2.6280579566955566,0.899284839630127,0.2327769696712494,0.035828448832035065,10.592489242553711,0.06707317382097244,0.004395311698317528
67,0.42911794781684875,2.6093332767486572,0.9041711091995239,0.23607811331748962,0.028103357180953026,10.65621280670166,0.036363635212183,0.002397442702203989
68,0.43066054582595825,2.5790135860443115,0.896774172782898,0.2401505559682846,0.03462972864508629,10.64697551727295,0.04554865509271622,0.0029302078764885664
69,0.4335606098175049,2.5833888053894043,0.8995115160942078,0.2386079728603363,0.034230154007673264,10.722078323364258,0.04466019570827484,0.00306339911185205
70,0.44074907898902893,2.5511128902435303,0.8984017968177795,0.24280381202697754,0.03982418775558472,10.721002578735352,0.05809859186410904,0.004395311698317528
71,0.43729367852211,2.539341449737549,0.9001572132110596,0.24727733433246613,0.030101224780082703,10.78403377532959,0.042307693511247635,0.0029302078764885664
72,0.44161292910575867,2.5226831436157227,0.8983879685401917,0.24931354820728302,0.03383057937026024,10.816014289855957,0.05380333960056305,0.0038625465240329504
73,0.4414895176887512,2.5289559364318848,0.8959032893180847,0.24693796038627625,0.03502930328249931,10.816219329833984,0.043936729431152344,0.0033297815825790167
74,0.4434331953525543,2.5196034908294678,0.8978477120399475,0.2535402476787567,0.0347629189491272,10.87366008758545,0.03773584961891174,0.002663825172930956
75,0.44747477769851685,2.494441270828247,0.8967054486274719,0.2544349431991577,0.031433138996362686,10.901468276977539,0.03284671530127525,0.002397442702203989
76,0.4501897394657135,2.484221935272217,0.898855984210968,0.25937125086784363,0.03116675466299057,10.924820899963379,0.05245346948504448,0.004128929227590561
77,0.45185574889183044,2.4743545055389404,0.8994401097297668,0.25773608684539795,0.03462972864508629,10.980195045471191,0.05057096108794212,0.004128929227590561
78,0.4537685513496399,2.4598641395568848,0.8982908725738525,0.26430752873420715,0.028236547484993935,10.972601890563965,0.03691275045275688,0.0029302078764885664
79,0.45663776993751526,2.442403554916382,0.8980355262756348,0.2665597200393677,0.029968034476041794,11.042675018310547,0.028667790815234184,0.0022642514668405056
80,0.4599389135837555,2.4322023391723633,0.8981799483299255,0.26643630862236023,0.028369739651679993,11.05162239074707,0.03918495401740074,0.0033297815825790167
81,0.4620368480682373,2.4168214797973633,0.897988498210907,0.2699533998966217,0.029968034476041794,11.11230754852295,0.03703703731298447,0.0029302078764885664
82,0.46055594086647034,2.4143266677856445,0.9008010029792786,0.27063214778900146,0.033297814428806305,11.146439552307129,0.03220611810684204,0.002663825172930956
83,0.4652145802974701,2.4026753902435303,0.8968536853790283,0.2717428207397461,0.03449653834104538,11.139392852783203,0.04508856683969498,0.003729355288669467
84,0.4666028916835785,2.3860151767730713,0.8977125287055969,0.2772652804851532,0.031433138996362686,11.15146541595459,0.04258675128221512,0.0035961640533059835
85,0.46459752321243286,2.3799118995666504,0.8962292075157166,0.2779131829738617,0.028902504593133926,11.211627960205078,0.04341317340731621,0.0038625465240329504
86,0.4699966013431549,2.3563127517700195,0.89580899477005,0.28355905413627625,0.03209909424185753,11.258234977722168,0.03801169618964195,0.0034629728179425
87,0.4691019058227539,2.368459463119507,0.8942365050315857,0.27859193086624146,0.034896109253168106,11.322524070739746,0.03631284832954407,0.0034629728179425
88,0.4726189970970154,2.343693494796753,0.8930004835128784,0.28143030405044556,0.03263185918331146,11.3158597946167,0.03162650763988495,0.0027970164082944393
89,0.47305092215538025,2.332749366760254,0.9005407691001892,0.2877240478992462,0.025439530611038208,11.335758209228516,0.04296296462416649,0.0038625465240329504
90,0.47484034299850464,2.334465503692627,0.9000961780548096,0.2888038754463196,0.0269046351313591,11.33763599395752,0.04407713562250137,0.004262120462954044
91,0.47548821568489075,2.3248167037963867,0.8929833173751831,0.28858789801597595,0.028369739651679993,11.399109840393066,0.03653585910797119,0.0035961640533059835
92,0.48122668266296387,2.312066078186035,0.8981261253356934,0.2913028597831726,0.029168887063860893,11.46032428741455,0.061744965612888336,0.0061267982237041
93,0.4791595935821533,2.2946841716766357,0.9015777707099915,0.2961774468421936,0.031699519604444504,11.444500923156738,0.05166475474834442,0.005993606988340616
94,0.48116496205329895,2.309284210205078,0.8902551531791687,0.297072172164917,0.03369738906621933,11.42712116241455,0.04280155524611473,0.004395311698317528
95,0.48221391439437866,2.2983458042144775,0.8956878185272217,0.29670193791389465,0.0269046351313591,11.452852249145508,0.04276729375123978,0.004528502933681011
96,0.48495975136756897,2.2767457962036133,0.8960692286491394,0.3003115952014923,0.029701652005314827,11.502386093139648,0.03667481616139412,0.0039957379922270775
97,0.48699596524238586,2.259277820587158,0.8958011865615845,0.30475425720214844,0.029035694897174835,11.518136024475098,0.04866180196404457,0.005327650345861912
98,0.49146947264671326,2.2535436153411865,0.8936381936073303,0.3050936460494995,0.027304209768772125,11.49760913848877,0.05044136196374893,0.005327650345861912
99,0.4902353882789612,2.243809700012207,0.8934895396232605,0.30824053287506104,0.03023441694676876,11.498200416564941,0.05977584049105644,0.0063931806944310665
100,0.4950791299343109,2.2314462661743164,0.8899312019348145,0.3073149621486664,0.026638252660632133,11.605094909667969,0.025773195549845695,0.002663825172930956
101,0.4947706162929535,2.2326269149780273,0.8943882584571838,0.30830222368240356,0.029168887063860893,11.624625205993652,0.049368541687726974,0.005727224517613649
102,0.49514085054397583,2.2353382110595703,0.8958147764205933,0.3103692829608917,0.030767181888222694,11.604228019714355,0.043478261679410934,0.004794885404407978
103,0.49693024158477783,2.2055575847625732,0.8950552344322205,0.31496623158454895,0.028902504593133926,11.71531867980957,0.047101449221372604,0.005194459110498428
104,0.49341315031051636,2.2163286209106445,0.8924418687820435,0.3125597834587097,0.030101224780082703,11.688882827758789,0.05045871436595917,0.005860415752977133
105,0.49773240089416504,2.2052340507507324,0.8955823183059692,0.3164779543876648,0.030101224780082703,11.718994140625,0.043023254722356796,0.0049280766397714615
106,0.4988430440425873,2.1871824264526367,0.8875765204429626,0.3176194727420807,0.02956845983862877,11.760828018188477,0.03271537646651268,0.0039957379922270775
107,0.5002313852310181,2.192650079727173,0.8911446928977966,0.31823650002479553,0.03369738906621933,11.739298820495605,0.05723541975021362,0.007059136871248484
108,0.5018665194511414,2.170114040374756,0.8985010981559753,0.3236355781555176,0.026638252660632133,11.81995677947998,0.050549451261758804,0.0061267982237041
109,0.4994909465312958,2.177145004272461,0.8927750587463379,0.32366642355918884,0.0285029299557209,11.803317070007324,0.05386178940534592,0.007059136871248484
110,0.5079443454742432,2.1506621837615967,0.8936474323272705,0.3276771605014801,0.033164624124765396,11.793691635131836,0.056065239012241364,0.0073255193419754505
111,0.5099496841430664,2.1457791328430176,0.8910502791404724,0.32928144931793213,0.0347629189491272,11.838603973388672,0.04272634908556938,0.005594032816588879
112,0.509857177734375,2.148343563079834,0.8927379250526428,0.3299601972103119,0.03209909424185753,11.840553283691406,0.041067760437726974,0.005327650345861912
113,0.5109986662864685,2.1302452087402344,0.888028621673584,0.32909634709358215,0.0269046351313591,11.912226676940918,0.033826638013124466,0.004262120462954044
114,0.5076666474342346,2.141019344329834,0.8902879357337952,0.32721439003944397,0.03383057937026024,11.927324295043945,0.05986260995268822,0.008124667219817638
115,0.5132200121879578,2.130542278289795,0.8899316787719727,0.333508163690567,0.028103357180953026,11.998661041259766,0.029556650668382645,0.0039957379922270775
116,0.5117082595825195,2.1338095664978027,0.8900665640830994,0.33421775698661804,0.028902504593133926,11.887906074523926,0.03413654491305351,0.004528502933681011
117,0.5156881213188171,2.1086390018463135,0.8911980390548706,0.33736464381217957,0.026371870189905167,11.974492073059082,0.029622063040733337,0.0038625465240329504
118,0.5131274461746216,2.1130216121673584,0.8899363279342651,0.33202728629112244,0.029035694897174835,11.979191780090332,0.042507968842983246,0.005327650345861912
119,0.5175083875656128,2.0950114727020264,0.8891139030456543,0.33866041898727417,0.027970165014266968,11.969651222229004,0.03681591898202896,0.0049280766397714615
120,0.5184339880943298,2.0944504737854004,0.8887985944747925,0.3373337984085083,0.029302077367901802,12.040390014648438,0.0416666679084301,0.005594032816588879
121,0.5188041925430298,2.0775392055511475,0.8897827863693237,0.3412211239337921,0.029035694897174835,12.060857772827148,0.039603959769010544,0.005860415752977133
122,0.5186190605163574,2.0738584995269775,0.889119029045105,0.34436801075935364,0.030767181888222694,12.1253662109375,0.039961013942956924,0.005460841581225395
123,0.5244500637054443,2.0571885108947754,0.8918961882591248,0.34566378593444824,0.028369739651679993,12.098810195922852,0.047887325286865234,0.006792754400521517
124,0.5244191884994507,2.064870834350586,0.8906987905502319,0.349211722612381,0.027171017602086067,12.087373733520508,0.046226415783166885,0.00652637192979455
125,0.5277203321456909,2.0490267276763916,0.8965489864349365,0.3518649935722351,0.029302077367901802,12.172993659973145,0.04845815151929855,0.0073255193419754505
126,0.5292629599571228,2.0358173847198486,0.8928487300872803,0.3509085774421692,0.029302077367901802,12.197569847106934,0.05033238232135773,0.007059136871248484
127,0.5261777639389038,2.039593458175659,0.8876640200614929,0.3527596890926361,0.029968034476041794,12.19669246673584,0.038058992475271225,0.005327650345861912
128,0.5286767482757568,2.045234203338623,0.8928794860839844,0.3520500957965851,0.026638252660632133,12.254743576049805,0.04775023087859154,0.006925945635885
129,0.5273810029029846,2.019009828567505,0.8936895132064819,0.3560916781425476,0.028236547484993935,12.245428085327148,0.04212454333901405,0.0061267982237041
130,0.5316693782806396,2.0217788219451904,0.8865828514099121,0.35451823472976685,0.02770378254354,12.255803108215332,0.03027823194861412,0.0049280766397714615
131,0.529139518737793,2.0269694328308105,0.8874412178993225,0.3551352918148041,0.024906765669584274,12.318575859069824,0.028229255229234695,0.004395311698317528
132,0.530774712562561,2.020674705505371,0.8930976390838623,0.3600715696811676,0.030633989721536636,12.259456634521484,0.03291814774274826,0.0049280766397714615
133,0.5358652472496033,2.004709005355835,0.8911094069480896,0.3617992699146271,0.025839105248451233,12.3148775100708,0.03996669501066208,0.0063931806944310665
134,0.5350013971328735,2.0104472637176514,0.8920989036560059,0.36297163367271423,0.0245071928948164,12.377913475036621,0.03404255211353302,0.005327650345861912
135,0.5341683626174927,1.9952261447906494,0.8889890909194946,0.36491531133651733,0.027304209768772125,12.308615684509277,0.037351444363594055,0.005860415752977133
136,0.5363588929176331,1.977656602859497,0.8867825269699097,0.36513128876686096,0.02597229555249214,12.350476264953613,0.0416666679084301,0.00652637192979455
137,0.5374078154563904,1.9927960634231567,0.8867318630218506,0.3663961887359619,0.02770378254354,12.320837020874023,0.048945147544145584,0.007725093048065901
138,0.5346928834915161,1.9949877262115479,0.8857911825180054,0.36562490463256836,0.02517314814031124,12.390408515930176,0.044763512909412384,0.007059136871248484
139,0.5360811948776245,1.9844156503677368,0.8899413347244263,0.36522382497787476,0.025839105248451233,12.411690711975098,0.04545454680919647,0.007059136871248484
140,0.5411100387573242,1.9690265655517578,0.8886411190032959,0.36880263686180115,0.02597229555249214,12.430559158325195,0.03371710702776909,0.005460841581225395
141,0.5396600365638733,1.9641762971878052,0.8917816281318665,0.3709314167499542,0.02623867802321911,12.4696044921875,0.04200988635420799,0.006792754400521517
142,0.5455218553543091,1.9504817724227905,0.8910818696022034,0.3760836720466614,0.025572722777724266,12.418275833129883,0.042096901684999466,0.007059136871248484
143,0.5421590209007263,1.9519047737121582,0.8882477283477783,0.3751889765262604,0.02623867802321911,12.485637664794922,0.040030792355537415,0.006925945635885
144,0.5448122620582581,1.9468328952789307,0.889616072177887,0.3774411380290985,0.0285029299557209,12.446735382080078,0.03910614550113678,0.00652637192979455
145,0.5451207756996155,1.9369045495986938,0.8899643421173096,0.3772868812084198,0.02703782543540001,12.560592651367188,0.03579418361186981,0.0063931806944310665
146,0.5474655032157898,1.9268661737442017,0.8849974870681763,0.3765464425086975,0.02623867802321911,12.596115112304688,0.04286827892065048,0.0073255193419754505
147,0.5476506352424622,1.93109130859375,0.8859191536903381,0.3773486018180847,0.023042088374495506,12.558056831359863,0.033179011195898056,0.005727224517613649
148,0.550057053565979,1.9213926792144775,0.8871981501579285,0.383148729801178,0.028902504593133926,12.614895820617676,0.04980237036943436,0.008391049690544605
149,0.5452133417129517,1.9351493120193481,0.8898617625236511,0.3793848156929016,0.03183271363377571,12.545914649963379,0.0569867305457592,0.00972296204417944
150,0.5476815104484558,1.9309934377670288,0.8862917423248291,0.3801869750022888,0.02597229555249214,12.716741561889648,0.04245283082127571,0.007192328106611967
151,0.5476815104484558,1.9219518899917603,0.8872062563896179,0.38317957520484924,0.02770378254354,12.617552757263184,0.03777777776122093,0.006792754400521517
152,0.5517847537994385,1.9015811681747437,0.8898906707763672,0.38672754168510437,0.024240810424089432,12.619589805603027,0.04237918183207512,0.007591901812702417
153,0.5500262379646301,1.9154318571090698,0.8858242630958557,0.3834572434425354,0.02943526953458786,12.641131401062012,0.044508256018161774,0.008257858455181122
154,0.5549933910369873,1.8944422006607056,0.8872418403625488,0.389627605676651,0.0261054877191782,12.670968055725098,0.03582554683089256,0.0061267982237041
155,0.5589115619659424,1.8859177827835083,0.8901515007019043,0.3915095925331116,0.0261054877191782,12.711993217468262,0.037093110382556915,0.00652637192979455
156,0.5559806227684021,1.8884798288345337,0.8823529481887817,0.38919568061828613,0.027970165014266968,12.740025520324707,0.042059462517499924,0.007725093048065901
157,0.5560731887817383,1.8935824632644653,0.886307954788208,0.3908308446407318,0.028902504593133926,12.72891902923584,0.03433162719011307,0.006259989459067583
158,0.5584487915039062,1.8757405281066895,0.8872426152229309,0.3935149610042572,0.023841235786676407,12.814839363098145,0.03973013535141945,0.007059136871248484
159,0.5582019686698914,1.8870446681976318,0.8885577917098999,0.3955511748790741,0.02876931242644787,12.754144668579102,0.04811250790953636,0.008657432161271572
160,0.5601764917373657,1.858019471168518,0.887161910533905,0.39974701404571533,0.025439530611038208,12.773848533630371,0.04048295319080353,0.007591901812702417
161,0.5626137852668762,1.8602666854858398,0.8863198161125183,0.39737141132354736,0.029968034476041794,12.754046440124512,0.04791666567325592,0.009190197102725506
162,0.5647425651550293,1.8489397764205933,0.8882902264595032,0.40184494853019714,0.029302077367901802,12.78555965423584,0.05092911049723625,0.009856153279542923
163,0.5640637874603271,1.8447000980377197,0.8873827457427979,0.39990127086639404,0.0261054877191782,12.787751197814941,0.03735024482011795,0.007059136871248484
164,0.5602381825447083,1.8688673973083496,0.8844392895698547,0.3992842435836792,0.026505060493946075,12.858635902404785,0.036856744438409805,0.007059136871248484
165,0.5628297328948975,1.8552261590957642,0.8863311409950256,0.40150555968284607,0.0269046351313591,12.861405372619629,0.04091539606451988,0.007858284749090672
166,0.5637552738189697,1.8426259756088257,0.8871220946311951,0.40104278922080994,0.0285029299557209,12.849802017211914,0.039034776389598846,0.0073255193419754505
167,0.5673032402992249,1.8278130292892456,0.8866918683052063,0.4053620398044586,0.030767181888222694,12.965641021728516,0.04281949996948242,0.008657432161271572
168,0.5707277655601501,1.8260414600372314,0.8871670961380005,0.40801531076431274,0.025705913081765175,12.892997741699219,0.03879598528146744,0.007725093048065901
169,0.565976619720459,1.8347554206848145,0.8871262669563293,0.4037269055843353,0.02770378254354,12.970552444458008,0.041987404227256775,0.007991475984454155
170,0.5693086385726929,1.8239221572875977,0.8859087228775024,0.40965044498443604,0.026371870189905167,12.906702995300293,0.02920723147690296,0.005594032816588879
171,0.5667170286178589,1.8284180164337158,0.8881816864013672,0.4090025722980499,0.02863612212240696,12.944962501525879,0.03335602581501007,0.00652637192979455
172,0.5709437727928162,1.8230868577957153,0.8877695202827454,0.4077993333339691,0.0245071928948164,12.945072174072266,0.032661572098731995,0.006259989459067583
173,0.5727948546409607,1.8146964311599731,0.8830251097679138,0.41245797276496887,0.02264251373708248,12.999178886413574,0.025273224338889122,0.0049280766397714615
174,0.570141613483429,1.814064621925354,0.8848387598991394,0.40891000628471375,0.02770378254354,13.007941246032715,0.030934343114495277,0.00652637192979455
175,0.5749853253364563,1.8037033081054688,0.8864833116531372,0.4156048595905304,0.027570592239499092,13.03261661529541,0.032890576869249344,0.006925945635885
176,0.5703267455101013,1.8213082551956177,0.8843298554420471,0.41159412264823914,0.025039957836270332,13.018848419189453,0.034090910106897354,0.006792754400521517
177,0.5724863409996033,1.8102179765701294,0.8846332430839539,0.4118717908859253,0.025839105248451233,13.093061447143555,0.028747433796525,0.005594032816588879
178,0.5791811943054199,1.7775633335113525,0.8839846849441528,0.4207879602909088,0.024640383198857307,13.067671775817871,0.030653951689600945,0.005993606988340616
179,0.5767130255699158,1.7834032773971558,0.8888670206069946,0.41801127791404724,0.024107618257403374,13.144515037536621,0.03372243791818619,0.006925945635885
180,0.5729799866676331,1.790893793106079,0.8876851797103882,0.4196464419364929,0.02863612212240696,13.126501083374023,0.03575989603996277,0.007458710577338934
181,0.5761885643005371,1.7785006761550903,0.8825170397758484,0.41970813274383545,0.028236547484993935,13.103719711303711,0.03418803587555885,0.006925945635885
182,0.5740289092063904,1.7901051044464111,0.883081316947937,0.4180421531200409,0.02623867802321911,13.146336555480957,0.038060158491134644,0.008257858455181122
183,0.5781630873680115,1.7712759971618652,0.8873786330223083,0.4229784309864044,0.026771442964673042,13.140911102294922,0.03639846667647362,0.007591901812702417
184,0.5782556533813477,1.7702417373657227,0.8815178275108337,0.4214358329772949,0.026638252660632133,13.166864395141602,0.033438485115766525,0.007059136871248484
185,0.5804769396781921,1.762231707572937,0.8844444155693054,0.4236263334751129,0.026771442964673042,13.120388984680176,0.03320053219795227,0.006659563165158033
186,0.5814333558082581,1.7503889799118042,0.8858818411827087,0.4241507947444916,0.026771442964673042,13.202676773071289,0.03465045616030693,0.007591901812702417
187,0.5805386900901794,1.7596943378448486,0.8879162669181824,0.4318637549877167,0.024107618257403374,13.159852981567383,0.0321601927280426,0.007059136871248484
188,0.583808958530426,1.7473915815353394,0.8855352401733398,0.42723599076271057,0.030767181888222694,13.223766326904297,0.0373944528400898,0.008257858455181122
189,0.5801067352294922,1.7572182416915894,0.8808368444442749,0.43124672770500183,0.026371870189905167,13.268448829650879,0.035163480788469315,0.007591901812702417
190,0.5794588327407837,1.764090657234192,0.8827731609344482,0.42702001333236694,0.02184336632490158,13.28363037109375,0.027413588017225266,0.0061267982237041
191,0.5833770632743835,1.7433326244354248,0.8829051852226257,0.4294264614582062,0.023974427953362465,13.17056941986084,0.037817731499671936,0.008124667219817638
192,0.5822046995162964,1.7401121854782104,0.8842025399208069,0.43204885721206665,0.023308470845222473,13.270216941833496,0.031121550127863884,0.007059136871248484
193,0.582389771938324,1.7409472465515137,0.8826382756233215,0.4322648346424103,0.02956845983862877,13.305438995361328,0.03871748223900795,0.008524240925908089
194,0.5880356431007385,1.7228251695632935,0.8870276808738708,0.43457871675491333,0.02597229555249214,13.304712295532227,0.035108957439661026,0.007725093048065901
195,0.5907197594642639,1.7185474634170532,0.887032151222229,0.4372628331184387,0.02623867802321911,13.304615020751953,0.033787790685892105,0.007591901812702417
196,0.5877580046653748,1.712127923965454,0.8861203193664551,0.43667665123939514,0.026505060493946075,13.373809814453125,0.032073311507701874,0.007458710577338934
197,0.5893005728721619,1.7202327251434326,0.885047435760498,0.4375405013561249,0.024906765669584274,13.317015647888184,0.035863716155290604,0.007991475984454155
198,0.5906580686569214,1.7163420915603638,0.8778059482574463,0.4379415810108185,0.027970165014266968,13.338918685913086,0.040361445397138596,0.008923814631998539
199,0.5922006368637085,1.7096997499465942,0.8826839923858643,0.4403479993343353,0.027970165014266968,13.373757362365723,0.03206996992230415,0.0073255193419754505
200,0.5860611200332642,1.7133421897888184,0.8829767107963562,0.4367074966430664,0.02623867802321911,13.329508781433105,0.04228571429848671,0.009856153279542923
201,0.5920463800430298,1.7080191373825073,0.8845868110656738,0.4405331313610077,0.026771442964673042,13.364344596862793,0.031812723726034164,0.007059136871248484
202,0.5882824659347534,1.7190485000610352,0.8837282061576843,0.43497979640960693,0.024107618257403374,13.407631874084473,0.035118021070957184,0.008124667219817638
203,0.5942986011505127,1.7019438743591309,0.8894762992858887,0.44642582535743713,0.023042088374495506,13.423816680908203,0.025553662329912186,0.005993606988340616
204,0.5913367867469788,1.7097444534301758,0.8833067417144775,0.4437108635902405,0.025439530611038208,13.391646385192871,0.03433242440223694,0.008391049690544605
205,0.5924474596977234,1.6975864171981812,0.8828210830688477,0.44488322734832764,0.02597229555249214,13.446434020996094,0.033664457499980927,0.008124667219817638
206,0.593558132648468,1.6992089748382568,0.8831464648246765,0.4423225224018097,0.0253063403069973,13.5814208984375,0.030820032581686974,0.007458710577338934
207,0.5940825939178467,1.6859339475631714,0.8822124004364014,0.4443587362766266,0.025839105248451233,13.514633178710938,0.03186137601733208,0.007591901812702417
208,0.5963656306266785,1.6838575601577759,0.883186399936676,0.4480918049812317,0.025705913081765175,13.4383544921875,0.033733561635017395,0.007858284749090672
209,0.5959028601646423,1.6825981140136719,0.8847583532333374,0.4479067027568817,0.023841235786676407,13.559198379516602,0.032712917774915695,0.007725093048065901
210,0.5980316400527954,1.6857349872589111,0.8839715123176575,0.4479992687702179,0.023042088374495506,13.626959800720215,0.03195067122578621,0.007591901812702417
211,0.5998519062995911,1.669467568397522,0.8849520087242126,0.4554036855697632,0.02597229555249214,13.476128578186035,0.035979438573122025,0.008391049690544605
212,0.5982167720794678,1.6785573959350586,0.8823994398117065,0.44747477769851685,0.02517314814031124,13.585947036743164,0.03455723449587822,0.008524240925908089
213,0.5995742678642273,1.6833888292312622,0.8865183591842651,0.4499737620353699,0.023841235786676407,13.59842300415039,0.03528742119669914,0.008257858455181122
214,0.5978773832321167,1.6771836280822754,0.8799130320549011,0.4496344029903412,0.024107618257403374,13.57302188873291,0.037154991179704666,0.00932338833808899
215,0.6039243340492249,1.6501555442810059,0.8861967921257019,0.4581495225429535,0.025439530611038208,13.577136039733887,0.03239978104829788,0.007858284749090672
216,0.6013019680976868,1.6590865850448608,0.8810971975326538,0.4469502866268158,0.025839105248451233,13.679930686950684,0.035971224308013916,0.008657432161271572
217,0.5983401536941528,1.6664448976516724,0.8842035531997681,0.45349088311195374,0.026638252660632133,13.606663703918457,0.03999999910593033,0.009589770808815956
218,0.5994508266448975,1.6533145904541016,0.8847813010215759,0.45558881759643555,0.025039957836270332,13.5713472366333,0.03239978104829788,0.007858284749090672
219,0.6100330352783203,1.6334455013275146,0.8856701850891113,0.46030914783477783,0.027570592239499092,13.557483673095703,0.04044704511761665,0.01012253575026989
220,0.6018264293670654,1.649863600730896,0.8831561803817749,0.45892080664634705,0.024107618257403374,13.667634963989258,0.0325680710375309,0.008124667219817638
221,0.6038626432418823,1.6542096138000488,0.8804678916931152,0.45518773794174194,0.0261054877191782,13.682252883911133,0.03767820820212364,0.009856153279542923
222,0.6056212186813354,1.6326980590820312,0.883083701133728,0.45836547017097473,0.02517314814031124,13.658975601196289,0.033736154437065125,0.008923814631998539
223,0.6062690615653992,1.6282999515533447,0.8878728151321411,0.4583037793636322,0.024240810424089432,13.756731986999512,0.03678402677178383,0.00932338833808899
224,0.605096697807312,1.6417241096496582,0.880087673664093,0.4583037793636322,0.024107618257403374,13.799115180969238,0.03203781694173813,0.008124667219817638
225,0.6096627712249756,1.625200867652893,0.8840281963348389,0.4644741415977478,0.0261054877191782,13.756440162658691,0.03241895139217377,0.008657432161271572
226,0.6046956181526184,1.645654559135437,0.8826143741607666,0.4595378339290619,0.023708045482635498,13.640646934509277,0.034316353499889374,0.008524240925908089
227,0.6044488549232483,1.6397404670715332,0.8834435343742371,0.46160492300987244,0.025705913081765175,13.687959671020508,0.03893905133008957,0.009190197102725506
228,0.6077191233634949,1.6293691396713257,0.8823736906051636,0.4633326232433319,0.025705913081765175,13.80977725982666,0.03384615480899811,0.008790623396635056
229,0.6051584482192993,1.6346803903579712,0.8794648051261902,0.4603399932384491,0.02623867802321911,13.73163890838623,0.0378129780292511,0.009856153279542923
230,0.6101255416870117,1.6252788305282593,0.8812164664268494,0.4657699167728424,0.026371870189905167,13.782438278198242,0.03464818745851517,0.008657432161271572
231,0.6114213466644287,1.609555959701538,0.8872128129005432,0.4717860221862793,0.02783697471022606,13.791963577270508,0.03517847880721092,0.009057005867362022
232,0.6101255416870117,1.6258289813995361,0.8833440542221069,0.46583160758018494,0.025705913081765175,13.747377395629883,0.03184386342763901,0.008257858455181122
233,0.6104649305343628,1.6117841005325317,0.887844443321228,0.46916359663009644,0.029035694897174835,13.800143241882324,0.04039900377392769,0.010788491927087307
234,0.6082435846328735,1.622556447982788,0.8849354982376099,0.4657699167728424,0.02703782543540001,13.774396896362305,0.03936170041561127,0.009856153279542923
235,0.6096319556236267,1.6216083765029907,0.8829296827316284,0.4667571783065796,0.0269046351313591,13.730175971984863,0.03198741376399994,0.008124667219817638
236,0.61126708984375,1.6181514263153076,0.8856809139251709,0.46752846240997314,0.027570592239499092,13.78613567352295,0.036093417555093765,0.009057005867362022
237,0.6115447282791138,1.6118813753128052,0.88619065284729,0.47061362862586975,0.02770378254354,13.81995964050293,0.03321224823594093,0.008524240925908089
238,0.6124394536018372,1.6071244478225708,0.8827550411224365,0.4701508581638336,0.02197655849158764,13.784976959228516,0.03125,0.007858284749090672
239,0.6134575605392456,1.605898141860962,0.8830673098564148,0.47110727429389954,0.024240810424089432,13.869211196899414,0.03086419776082039,0.007991475984454155
240,0.6150001287460327,1.5882513523101807,0.8810761570930481,0.47588929533958435,0.025839105248451233,13.816710472106934,0.03548728674650192,0.008923814631998539
241,0.6136118173599243,1.586174488067627,0.8840029835700989,0.4744701087474823,0.025839105248451233,13.756026268005371,0.029347825795412064,0.007192328106611967
242,0.6099095940589905,1.6119498014450073,0.8824546337127686,0.4724956154823303,0.026371870189905167,13.877654075622559,0.032710280269384384,0.008391049690544605
243,0.6151852607727051,1.5994125604629517,0.8845688104629517,0.4730817973613739,0.026371870189905167,13.968853950500488,0.0352514274418354,0.009057005867362022
244,0.616265058517456,1.584330677986145,0.8833104968070984,0.4771233797073364,0.026371870189905167,13.931193351745605,0.035912998020648956,0.009456579573452473
245,0.6171906590461731,1.5851541757583618,0.8801806569099426,0.4750254452228546,0.024640383198857307,13.920685768127441,0.029640426859259605,0.008124667219817638
246,0.6194119453430176,1.5746675729751587,0.8860050439834595,0.4781414866447449,0.026771442964673042,14.035272598266602,0.037155963480472565,0.010788491927087307
247,0.6200289726257324,1.570250153541565,0.8815273642539978,0.47863510251045227,0.025039957836270332,13.961186408996582,0.03329969570040703,0.008790623396635056
248,0.6212013959884644,1.577246904373169,0.8863430023193359,0.48215222358703613,0.02876931242644787,13.975958824157715,0.03647859767079353,0.009989344514906406
249,0.6175916790962219,1.5694818496704102,0.8858352303504944,0.4842810034751892,0.025439530611038208,13.941388130187988,0.03446577861905098,0.00932338833808899
250,0.6176534295082092,1.5740344524383545,0.8805427551269531,0.47848084568977356,0.025039957836270332,13.989738464355469,0.034396808594465256,0.009190197102725506
251,0.6213864684104919,1.5611324310302734,0.8856772780418396,0.48495975136756897,0.02517314814031124,14.022968292236328,0.03140578418970108,0.008391049690544605
252,0.6163884997367859,1.5827925205230713,0.8794318437576294,0.4813500642776489,0.023974427953362465,14.066096305847168,0.0286702923476696,0.007725093048065901
253,0.616141676902771,1.5751615762710571,0.8807152509689331,0.48017770051956177,0.0261054877191782,13.957921028137207,0.03933948650956154,0.010788491927087307
254,0.6174991726875305,1.5778759717941284,0.8850306868553162,0.4804553687572479,0.0285029299557209,13.922806739807129,0.04214179515838623,0.01132125686854124
255,0.6213864684104919,1.5617791414260864,0.881736695766449,0.4855767786502838,0.0245071928948164,13.937539100646973,0.03229011595249176,0.008657432161271572
256,0.6204609274864197,1.5672597885131836,0.8815745115280151,0.48091813921928406,0.025439530611038208,14.016258239746094,0.040156710892915726,0.01092168316245079
257,0.6274951696395874,1.5569720268249512,0.8827832937240601,0.4877055585384369,0.026505060493946075,13.955707550048828,0.036156512796878815,0.00972296204417944
258,0.620646059513092,1.5588209629058838,0.883945643901825,0.48548421263694763,0.028103357180953026,14.055318832397461,0.0450492724776268,0.012786361388862133
259,0.6247801780700684,1.5476467609405518,0.8859063982963562,0.48773640394210815,0.02623867802321911,14.070982933044434,0.03703703731298447,0.010255726985633373
260,0.6225280165672302,1.5604894161224365,0.8835386633872986,0.48684170842170715,0.0245071928948164,14.040456771850586,0.03666996955871582,0.009856153279542923
261,0.6239163279533386,1.5431525707244873,0.8846261501312256,0.4880140721797943,0.024107618257403374,14.10067081451416,0.03153368458151817,0.008790623396635056
262,0.628389835357666,1.5313613414764404,0.8819413781166077,0.4899885952472687,0.023974427953362465,14.033466339111328,0.03333333507180214,0.008923814631998539
263,0.6282972693443298,1.5386121273040771,0.8814409971237183,0.4929195046424866,0.025839105248451233,14.103140830993652,0.0361328125,0.009856153279542923
264,0.625890851020813,1.5434626340866089,0.883354663848877,0.4897109270095825,0.0285029299557209,14.103119850158691,0.03629417344927788,0.01012253575026989
265,0.6262302398681641,1.5338283777236938,0.8830000162124634,0.49035879969596863,0.03036760725080967,14.078276634216309,0.03965599462389946,0.011054874397814274
266,0.6265078783035278,1.5405100584030151,0.8834413886070251,0.4919939637184143,0.027570592239499092,14.050968170166016,0.03588748723268509,0.009856153279542923
267,0.6242557168006897,1.548655390739441,0.8827624320983887,0.4890013337135315,0.025572722777724266,14.185705184936523,0.038825757801532745,0.01092168316245079
268,0.6234844326972961,1.5534675121307373,0.8839614987373352,0.4876747131347656,0.024640383198857307,14.133479118347168,0.03794972971081734,0.010255726985633373
269,0.6285749673843384,1.5368118286132812,0.8842384815216064,0.49276524782180786,0.02357485331594944,14.06421184539795,0.03102625347673893,0.008657432161271572
270,0.6305803060531616,1.5237598419189453,0.883105456829071,0.4962206482887268,0.02517314814031124,14.218509674072266,0.034687358886003494,0.01012253575026989
271,0.626600444316864,1.52965247631073,0.8777894377708435,0.4915003180503845,0.025705913081765175,14.161952018737793,0.03432701155543327,0.01012253575026989
272,0.6263844966888428,1.5341074466705322,0.8814547657966614,0.48977261781692505,0.027970165014266968,14.169476509094238,0.03707012161612511,0.011054874397814274
273,0.6316601634025574,1.5132790803909302,0.8844953179359436,0.4982568621635437,0.025839105248451233,14.193562507629395,0.03602771461009979,0.010388918220996857
274,0.6272483468055725,1.5188333988189697,0.8790401816368103,0.49504828453063965,0.0261054877191782,14.178675651550293,0.03709126263856888,0.01012253575026989
275,0.6285749673843384,1.527091383934021,0.8848408460617065,0.49828773736953735,0.02597229555249214,14.162002563476562,0.03443526104092598,0.009989344514906406
276,0.6323080062866211,1.513793706893921,0.8840039372444153,0.4975164234638214,0.024640383198857307,14.156269073486328,0.03272727131843567,0.009589770808815956
277,0.6304569244384766,1.5197657346725464,0.8829345703125,0.4986579418182373,0.0253063403069973,14.210322380065918,0.031865041702985764,0.009057005867362022
278,0.6287909150123596,1.5286526679992676,0.8772440552711487,0.4929812252521515,0.024640383198857307,14.346946716308594,0.032374098896980286,0.009589770808815956
279,0.634344220161438,1.5172193050384521,0.8823561668395996,0.49958351254463196,0.026638252660632133,14.221109390258789,0.03561387211084366,0.01012253575026989
280,0.6295621991157532,1.5251857042312622,0.8832905888557434,0.4992132782936096,0.025039957836270332,14.302988052368164,0.03615560755133629,0.01052210945636034
281,0.6277419328689575,1.5216424465179443,0.8796839714050293,0.4946780502796173,0.020644646137952805,14.253768920898438,0.034401506185531616,0.00972296204417944
282,0.6313515901565552,1.52085280418396,0.8809484839439392,0.4985962510108948,0.024640383198857307,14.28160572052002,0.03448275849223137,0.009989344514906406
283,0.6351463794708252,1.497799277305603,0.8856738805770874,0.5023910403251648,0.024906765669584274,14.313519477844238,0.033529676496982574,0.009856153279542923
284,0.6395273208618164,1.4833333492279053,0.8866869211196899,0.5038410425186157,0.029701652005314827,14.368795394897461,0.03791685774922371,0.011054874397814274
285,0.6292845606803894,1.5172135829925537,0.8811940550804138,0.5009101033210754,0.026505060493946075,14.317997932434082,0.031123138964176178,0.009190197102725506
286,0.6382007002830505,1.4771932363510132,0.8826492428779602,0.5081911683082581,0.023042088374495506,14.300091743469238,0.03002309426665306,0.008657432161271572
287,0.6347144842147827,1.5073564052581787,0.882861316204071,0.5010952353477478,0.024640383198857307,14.356328964233398,0.03811659291386604,0.01132125686854124
288,0.6293771266937256,1.514565110206604,0.8802843689918518,0.5043038129806519,0.0261054877191782,14.390290260314941,0.037958115339279175,0.011587640270590782
289,0.638139009475708,1.4948053359985352,0.8849700689315796,0.5062783360481262,0.026505060493946075,14.395018577575684,0.0374564453959465,0.011454449035227299
290,0.6364730000495911,1.4881561994552612,0.8815153241157532,0.5061240792274475,0.024240810424089432,14.353377342224121,0.03621548041701317,0.010655300691723824
291,0.6335112452507019,1.4944947957992554,0.8823656439781189,0.5049517154693604,0.023841235786676407,14.31224250793457,0.03233151137828827,0.009456579573452473
292,0.6356091499328613,1.4987884759902954,0.8832187652587891,0.5035325288772583,0.026638252660632133,14.407454490661621,0.035682424902915955,0.010655300691723824
293,0.6358868479728699,1.4983530044555664,0.8812412619590759,0.506401777267456,0.025039957836270332,14.36501693725586,0.03168686106801033,0.009057005867362022
294,0.6317526698112488,1.4994159936904907,0.8807368874549866,0.5044272541999817,0.025572722777724266,14.379636764526367,0.03538663312792778,0.010788491927087307
295,0.638848602771759,1.488682746887207,0.8845553994178772,0.5072964429855347,0.023308470845222473,14.386305809020996,0.031124943867325783,0.00932338833808899
296,0.6398358941078186,1.4831005334854126,0.8830603957176208,0.5074198842048645,0.027304209768772125,14.442680358886719,0.03823395445942879,0.011188065633177757
297,0.6424274444580078,1.4629029035568237,0.8857524991035461,0.5111529231071472,0.028902504593133926,14.328812599182129,0.04387889429926872,0.013319126330316067
298,0.6344059705734253,1.4996496438980103,0.8790931701660156,0.506062388420105,0.024906765669584274,14.341815948486328,0.0333029180765152,0.00972296204417944
299,0.6354857683181763,1.4886447191238403,0.8815507888793945,0.5085922479629517,0.02437400072813034,14.409096717834473,0.032801419496536255,0.009856153279542923
300,0.6404529213905334,1.470583438873291,0.8854459524154663,0.514855146408081,0.025039957836270332,14.442763328552246,0.029087703675031662,0.008790623396635056
301,0.6378304958343506,1.479732871055603,0.88153475522995,0.51035076379776,0.027171017602086067,14.486072540283203,0.03504273667931557,0.01092168316245079
302,0.6343750953674316,1.4864931106567383,0.8748137950897217,0.5072964429855347,0.0261054877191782,14.463709831237793,0.03756708279252052,0.011188065633177757
303,0.6373368501663208,1.4754563570022583,0.880095899105072,0.5095177888870239,0.028236547484993935,14.426311492919922,0.03402562811970711,0.010255726985633373
304,0.640854001045227,1.462296962738037,0.8813397884368896,0.5146700143814087,0.027171017602086067,14.537995338439941,0.041972290724515915,0.013718700036406517
305,0.6365655660629272,1.4738646745681763,0.8839342594146729,0.511276364326477,0.02956845983862877,14.448068618774414,0.04493429511785507,0.014118273742496967
306,0.6391263008117676,1.4768625497817993,0.8797216415405273,0.5108752846717834,0.025439530611038208,14.485050201416016,0.03252032399177551,0.01012253575026989
307,0.6391879916191101,1.4749031066894531,0.8818697333335876,0.5133742690086365,0.0253063403069973,14.498873710632324,0.0357142873108387,0.011854022741317749
308,0.6434763669967651,1.4563976526260376,0.8859658241271973,0.5153487920761108,0.028369739651679993,14.514594078063965,0.0364169105887413,0.011587640270590782
309,0.6436614990234375,1.461942195892334,0.882541835308075,0.5171690583229065,0.02517314814031124,14.574363708496094,0.0325031653046608,0.010255726985633373
310,0.6434763669967651,1.4531960487365723,0.8823714852333069,0.5184031128883362,0.024773575365543365,14.516483306884766,0.03409581258893013,0.01052210945636034
311,0.63992840051651,1.44873046875,0.8786463737487793,0.5166754126548767,0.025439530611038208,14.494032859802246,0.035653650760650635,0.011188065633177757
312,0.63992840051651,1.4641863107681274,0.8788609504699707,0.5170456171035767,0.025839105248451233,14.540253639221191,0.0324370451271534,0.01012253575026989
313,0.6429519057273865,1.4511553049087524,0.8844917416572571,0.5178477764129639,0.027304209768772125,14.598774909973145,0.03390558063983917,0.01052210945636034
314,0.6449264287948608,1.4405410289764404,0.8817837834358215,0.5173233151435852,0.02277570590376854,14.488767623901367,0.031543053686618805,0.009856153279542923
315,0.6454200744628906,1.441739559173584,0.8861754536628723,0.5183414220809937,0.02943526953458786,14.551118850708008,0.031785864382982254,0.01012253575026989
316,0.6442476511001587,1.4451699256896973,0.8813568353652954,0.5218585133552551,0.025572722777724266,14.538165092468262,0.02987697720527649,0.009057005867362022
317,0.6415018439292908,1.4567807912826538,0.8819800019264221,0.5150710940361023,0.024773575365543365,14.660223007202148,0.0292372889816761,0.009190197102725506
318,0.6468392014503479,1.4558327198028564,0.8842840790748596,0.519390344619751,0.023841235786676407,14.610508918762207,0.03798014670610428,0.011720831505954266
319,0.6509425044059753,1.439046859741211,0.8840233087539673,0.5244191884994507,0.02863612212240696,14.492796897888184,0.03528399392962456,0.01092168316245079
320,0.643599808216095,1.4572092294692993,0.8840717077255249,0.519020140171051,0.02277570590376854,14.629023551940918,0.030482642352581024,0.009589770808815956
321,0.6456051468849182,1.4466832876205444,0.8839145302772522,0.520809531211853,0.0261054877191782,14.676101684570312,0.035347308963537216,0.011454449035227299
322,0.6486903429031372,1.4274369478225708,0.8840436339378357,0.5228766202926636,0.027304209768772125,14.683514595031738,0.03227176144719124,0.01012253575026989
323,0.6445253491401672,1.4472135305404663,0.8821569681167603,0.5228766202926636,0.022509323433041573,14.602007865905762,0.027117229998111725,0.008657432161271572
324,0.6439700126647949,1.449001431465149,0.8765380382537842,0.5186807513237,0.025705913081765175,14.544510841369629,0.03062080591917038,0.00972296204417944
325,0.64825838804245,1.4288115501403809,0.8854075074195862,0.5265788435935974,0.024640383198857307,14.58971118927002,0.02802547812461853,0.008790623396635056
326,0.6491531133651733,1.4190945625305176,0.8818370699882507,0.524264931678772,0.024640383198857307,14.567750930786133,0.026143791154026985,0.007991475984454155
327,0.6467158198356628,1.4384820461273193,0.8828266859054565,0.5241724252700806,0.02117741107940674,14.691818237304688,0.024298282340168953,0.007725093048065901
328,0.6506956815719604,1.4291938543319702,0.8834362030029297,0.5254064798355103,0.0269046351313591,14.596036911010742,0.0306593868881464,0.00972296204417944
329,0.6511276364326477,1.4113909006118774,0.8874495029449463,0.5283682346343994,0.02517314814031124,14.70833683013916,0.03249691426753998,0.01052210945636034
330,0.6514978408813477,1.4221333265304565,0.8810529708862305,0.5276586413383484,0.022908898070454597,14.574653625488281,0.031288597732782364,0.01012253575026989
331,0.6481658816337585,1.4303309917449951,0.8796996474266052,0.527689516544342,0.0245071928948164,14.699634552001953,0.028524182736873627,0.009190197102725506
332,0.6513127684593201,1.4189873933792114,0.8825527429580688,0.5290470123291016,0.02517314814031124,14.800475120544434,0.033125486224889755,0.01132125686854124
333,0.654768168926239,1.4099764823913574,0.8834961652755737,0.5301576256752014,0.024906765669584274,14.739778518676758,0.03368939831852913,0.01092168316245079
334,0.6509116888046265,1.425011396408081,0.8799836039543152,0.5297874212265015,0.02703782543540001,14.699724197387695,0.03094855323433876,0.010255726985633373
335,0.6531021595001221,1.40452241897583,0.8816033005714417,0.5292937755584717,0.02091102860867977,14.606975555419922,0.022531749680638313,0.0073255193419754505
336,0.6508808135986328,1.4314002990722656,0.8810529708862305,0.5276586413383484,0.023042088374495506,14.728870391845703,0.02531120367348194,0.008124667219817638
337,0.654768168926239,1.4174295663833618,0.8835886716842651,0.5320396423339844,0.023042088374495506,14.817610740661621,0.02572220005095005,0.008657432161271572
338,0.652392566204071,1.416841745376587,0.8813245296478271,0.5288001894950867,0.026505060493946075,14.709735870361328,0.031676024198532104,0.01052210945636034
339,0.6519914865493774,1.406825065612793,0.8834787011146545,0.5312374830245972,0.023974427953362465,14.698880195617676,0.030179444700479507,0.009856153279542923
340,0.6524542570114136,1.4101308584213257,0.880150556564331,0.5337981581687927,0.02703782543540001,14.705714225769043,0.035772357136011124,0.011720831505954266
341,0.654768168926239,1.4025774002075195,0.8800550699234009,0.5324098467826843,0.022242940962314606,14.768854141235352,0.025921424850821495,0.008524240925908089
342,0.6555394530296326,1.4082401990890503,0.8821756839752197,0.5329034924507141,0.023974427953362465,14.740059852600098,0.027687296271324158,0.009057005867362022
343,0.6527936458587646,1.422406554222107,0.8809913992881775,0.530774712562561,0.024640383198857307,14.881397247314453,0.0345228873193264,0.011854022741317749
344,0.6537808775901794,1.4074299335479736,0.8841761946678162,0.5350939631462097,0.029168887063860893,14.719279289245605,0.034002456814050674,0.011054874397814274
345,0.653348982334137,1.4027087688446045,0.8849584460258484,0.532564103603363,0.0245071928948164,14.797557830810547,0.030072173103690147,0.009989344514906406
346,0.6524851322174072,1.3991235494613647,0.8812372088432312,0.5317928194999695,0.025705913081765175,14.802160263061523,0.026714513078331947,0.008923814631998539
347,0.6535958051681519,1.4075671434402466,0.8819074034690857,0.5352173447608948,0.024640383198857307,14.76509952545166,0.03419860079884529,0.011054874397814274
348,0.6542436480522156,1.407525897026062,0.8819526433944702,0.5317619442939758,0.023974427953362465,14.715545654296875,0.02942361868917942,0.00972296204417944
349,0.6585937738418579,1.390489935874939,0.8861817717552185,0.5397525429725647,0.026771442964673042,14.751008987426758,0.029114436358213425,0.009589770808815956
350,0.6560330986976624,1.3947606086730957,0.8845254778862,0.5371609926223755,0.024107618257403374,14.86739444732666,0.03237267956137657,0.01092168316245079
351,0.6544904708862305,1.3944334983825684,0.8846448659896851,0.5344769358634949,0.024240810424089432,14.830727577209473,0.027608606964349747,0.009057005867362022
352,0.6574831008911133,1.401828408241272,0.8814170956611633,0.5350013971328735,0.024640383198857307,14.813652992248535,0.026370003819465637,0.008524240925908089
353,0.6601672172546387,1.3875644207000732,0.8867685794830322,0.5404930114746094,0.023974427953362465,14.828801155090332,0.03388462960720062,0.011188065633177757
354,0.6564341187477112,1.3908220529556274,0.8811160326004028,0.537808895111084,0.023308470845222473,14.797079086303711,0.031088082119822502,0.010388918220996857
355,0.6564341187477112,1.38923978805542,0.8793842792510986,0.5375929474830627,0.028369739651679993,14.909021377563477,0.03227107599377632,0.010655300691723824
356,0.6567426919937134,1.3954575061798096,0.8822100758552551,0.5379323363304138,0.023308470845222473,14.817913055419922,0.032759346067905426,0.010388918220996857
357,0.6567735075950623,1.3921923637390137,0.8839854598045349,0.5395057797431946,0.025572722777724266,14.83958911895752,0.03256935998797417,0.010788491927087307
358,0.6617097854614258,1.3757439851760864,0.8838050961494446,0.542313277721405,0.023708045482635498,14.876253128051758,0.03437250107526779,0.011454449035227299
359,0.6591182351112366,1.3786664009094238,0.8813952207565308,0.5394749045372009,0.024640383198857307,14.866554260253906,0.024150634184479713,0.007858284749090672
360,0.6579767465591431,1.3923966884613037,0.879271388053894,0.5406163930892944,0.024640383198857307,14.95401668548584,0.026492685079574585,0.008923814631998539
361,0.6607842445373535,1.3776887655258179,0.8832753300666809,0.5404621362686157,0.026638252660632133,14.976823806762695,0.032873377203941345,0.010788491927087307
362,0.6597661375999451,1.3822451829910278,0.8824063539505005,0.5398759841918945,0.02517314814031124,14.974918365478516,0.03238546475768089,0.01092168316245079
363,0.6576990485191345,1.3900835514068604,0.8845840692520142,0.5367599129676819,0.0253063403069973,14.883407592773438,0.029470330104231834,0.009856153279542923
364,0.6572979688644409,1.3874595165252686,0.8840463161468506,0.5419430732727051,0.024773575365543365,14.977874755859375,0.025741029530763626,0.008790623396635056
365,0.6621108651161194,1.3839155435562134,0.8845323324203491,0.5435782074928284,0.023974427953362465,14.882390022277832,0.031274132430553436,0.010788491927087307
366,0.6632832288742065,1.3684295415878296,0.8842673301696777,0.5457069873809814,0.022908898070454597,14.92755126953125,0.02884235419332981,0.00972296204417944
367,0.6574522852897644,1.380285620689392,0.8849004507064819,0.5415111184120178,0.024240810424089432,14.943954467773438,0.029710711911320686,0.01012253575026989
368,0.6626662015914917,1.3652390241622925,0.8828328251838684,0.5441952347755432,0.026638252660632133,14.919005393981934,0.03178387135267258,0.010655300691723824
369,0.6603831648826599,1.3795229196548462,0.8804752826690674,0.5395365953445435,0.025705913081765175,14.967180252075195,0.02789616398513317,0.009589770808815956
370,0.6610619425773621,1.3716018199920654,0.8826152086257935,0.5435165166854858,0.023308470845222473,15.025413513183594,0.023984525352716446,0.008257858455181122
371,0.6564649939537048,1.3774468898773193,0.8783480525016785,0.5433005094528198,0.023841235786676407,15.03564453125,0.025739531964063644,0.008923814631998539
372,0.6616789698600769,1.3617838621139526,0.8872778415679932,0.5437324643135071,0.023974427953362465,15.050533294677734,0.03030303120613098,0.01052210945636034
373,0.6644555926322937,1.360620379447937,0.885930597782135,0.5451207756996155,0.024107618257403374,15.176972389221191,0.030939647927880287,0.010788491927087307
374,0.6598587036132812,1.371932864189148,0.8789872527122498,0.544102668762207,0.022242940962314606,15.046394348144531,0.029914529994130135,0.010255726985633373
375,0.6660599112510681,1.3515503406524658,0.8842535018920898,0.5479900240898132,0.022109748795628548,15.161396980285645,0.028614457696676254,0.01012253575026989
376,0.6624502539634705,1.3706198930740356,0.8858301043510437,0.5460155010223389,0.02104421891272068,15.037418365478516,0.02561117522418499,0.008790623396635056
377,0.6695153117179871,1.3374909162521362,0.8858630657196045,0.550982654094696,0.025039957836270332,15.100091934204102,0.02820609323680401,0.009989344514906406
378,0.6612161993980408,1.363016963005066,0.8816641569137573,0.5459229350090027,0.021576983854174614,15.028032302856445,0.027161438018083572,0.009456579573452473
379,0.6635609269142151,1.3554468154907227,0.884732723236084,0.5458303689956665,0.026371870189905167,14.96876335144043,0.03186941146850586,0.01092168316245079
380,0.6605066061019897,1.36789870262146,0.8826117515563965,0.5446580052375793,0.023841235786676407,15.10732364654541,0.03206562250852585,0.011454449035227299
381,0.6644247770309448,1.3561469316482544,0.8813467025756836,0.5483911037445068,0.02091102860867977,15.029335021972656,0.029718875885009766,0.009856153279542923
382,0.6634992361068726,1.3629820346832275,0.879342794418335,0.5481750965118408,0.02623867802321911,15.137598991394043,0.03250830993056297,0.011720831505954266
383,0.664887547492981,1.354588508605957,0.8800966143608093,0.5507358312606812,0.026505060493946075,15.13244915008545,0.029071934521198273,0.010388918220996857
384,0.663098156452179,1.3527387380599976,0.8829535245895386,0.5522783994674683,0.02770378254354,15.07598876953125,0.03004944883286953,0.01052210945636034
385,0.6616172790527344,1.3673402070999146,0.882904589176178,0.5431771278381348,0.024240810424089432,15.204449653625488,0.029996249824762344,0.010655300691723824
386,0.6606916785240173,1.3589824438095093,0.8819993138313293,0.5476815104484558,0.020378263667225838,15.117408752441406,0.02570093423128128,0.008790623396635056
387,0.6693301796913147,1.349147081375122,0.885773241519928,0.5564742684364319,0.024107618257403374,15.158541679382324,0.03192702308297157,0.011188065633177757
388,0.6719526052474976,1.3232167959213257,0.8840323090553284,0.5540986657142639,0.02437400072813034,15.175251007080078,0.028143275529146194,0.010255726985633373
389,0.6681886911392212,1.3429473638534546,0.8871647119522095,0.5520932674407959,0.024640383198857307,15.14013671875,0.026729559525847435,0.009057005867362022
390,0.6672322750091553,1.3427270650863647,0.8820606470108032,0.5530805587768555,0.02264251373708248,15.173784255981445,0.02987361140549183,0.010388918220996857
391,0.6668003797531128,1.3483669757843018,0.8832740783691406,0.5516613721847534,0.02770378254354,15.073701858520508,0.0320587083697319,0.011054874397814274
392,0.6656588315963745,1.3510165214538574,0.8816626667976379,0.5516613721847534,0.028902504593133926,15.058490753173828,0.035452794283628464,0.0122535964474082
393,0.6647024154663086,1.3485132455825806,0.8816465735435486,0.5504273176193237,0.023841235786676407,15.043341636657715,0.02779952995479107,0.009456579573452473
394,0.6677259206771851,1.3334041833877563,0.8836899995803833,0.5529571175575256,0.026505060493946075,15.032604217529297,0.03200000151991844,0.011188065633177757
395,0.6645481586456299,1.3454192876815796,0.8818504810333252,0.5510443449020386,0.022109748795628548,15.131749153137207,0.03278084844350815,0.011854022741317749
396,0.6679418683052063,1.3340646028518677,0.8836682438850403,0.5535433292388916,0.0269046351313591,15.21681022644043,0.03572757542133331,0.012786361388862133
397,0.6652577519416809,1.355985403060913,0.8813912272453308,0.548853874206543,0.023974427953362465,15.111682891845703,0.027293404564261436,0.009589770808815956
398,0.6664301156997681,1.3443900346755981,0.883171796798706,0.5539135336875916,0.026505060493946075,15.129378318786621,0.028914757072925568,0.010255726985633373
399,0.6718292236328125,1.3300294876098633,0.880777895450592,0.5561348795890808,0.024773575365543365,15.142078399658203,0.03658996522426605,0.012919552624225616
400,0.6688365936279297,1.3345757722854614,0.8814259767532349,0.5591275095939636,0.025839105248451233,15.061202049255371,0.030220843851566315,0.010388918220996857
401,0.6680035591125488,1.3443490266799927,0.8824078440666199,0.5544688701629639,0.027970165014266968,15.158656120300293,0.03127354755997658,0.011054874397814274
402,0.669885516166687,1.3225524425506592,0.8874465227127075,0.5568135976791382,0.030500799417495728,15.19572639465332,0.028193525969982147,0.010788491927087307
403,0.6736494898796082,1.3183526992797852,0.8829625844955444,0.5572146773338318,0.024773575365543365,15.23160457611084,0.027316352352499962,0.009856153279542923
404,0.6711196303367615,1.3234702348709106,0.8821116089820862,0.5572764277458191,0.02623867802321911,15.263787269592285,0.026394052430987358,0.009456579573452473
405,0.6665843725204468,1.3373602628707886,0.8803410530090332,0.5574615001678467,0.026638252660632133,15.251965522766113,0.033515483140945435,0.0122535964474082
406,0.6689599752426147,1.3324828147888184,0.8817598819732666,0.555857241153717,0.025839105248451233,15.254908561706543,0.029086891561746597,0.01052210945636034
407,0.6708419322967529,1.331113576889038,0.8804464936256409,0.5548391342163086,0.02437400072813034,15.218559265136719,0.02890792302787304,0.010788491927087307
408,0.667016327381134,1.3329501152038574,0.8825289607048035,0.5551167726516724,0.02277570590376854,15.30823040008545,0.024105185642838478,0.008790623396635056
409,0.6667386293411255,1.3428945541381836,0.8820964694023132,0.5555795431137085,0.026771442964673042,15.310749053955078,0.027007298544049263,0.009856153279542923
410,0.6708419322967529,1.3284109830856323,0.884909987449646,0.5595902800559998,0.025705913081765175,15.271698951721191,0.030585601925849915,0.01092168316245079
411,0.6706568598747253,1.3258869647979736,0.8830150365829468,0.5591275095939636,0.022509323433041573,15.329648971557617,0.024074073880910873,0.008657432161271572
412,0.6728164553642273,1.3220443725585938,0.8853025436401367,0.5610403418540955,0.025839105248451233,15.306375503540039,0.028860028833150864,0.010655300691723824
413,0.6668928861618042,1.3291908502578735,0.8811192512512207,0.5547465682029724,0.022509323433041573,15.388779640197754,0.024205202236771584,0.008923814631998539
414,0.6718292236328125,1.318732500076294,0.8841966390609741,0.5587573051452637,0.02117741107940674,15.225462913513184,0.024463681504130363,0.008657432161271572
415,0.672600507736206,1.3107600212097168,0.884510338306427,0.5595285892486572,0.025439530611038208,15.230507850646973,0.025354214012622833,0.009057005867362022
416,0.6678184866905212,1.3346354961395264,0.8798011541366577,0.5568753480911255,0.023175280541181564,15.384774208068848,0.024677716195583344,0.008923814631998539
417,0.6711504459381104,1.3289040327072144,0.879194974899292,0.559312641620636,0.024107618257403374,15.296202659606934,0.025757575407624245,0.009057005867362022
418,0.6723228096961975,1.3197834491729736,0.8793028593063354,0.5603307485580444,0.022109748795628548,15.384011268615723,0.022058824077248573,0.007991475984454155
419,0.6752229332923889,1.3065757751464844,0.8844304084777832,0.5616881847381592,0.0245071928948164,15.334729194641113,0.026428570970892906,0.009856153279542923
420,0.673556923866272,1.3200078010559082,0.8848767280578613,0.5624903440475464,0.022908898070454597,15.302691459655762,0.02778806909918785,0.009989344514906406
421,0.6741430759429932,1.3237558603286743,0.8849021792411804,0.5638169646263123,0.019579116255044937,15.320037841796875,0.02165137603878975,0.007858284749090672
422,0.6763644218444824,1.3052361011505127,0.8870647549629211,0.5651127696037292,0.02703782543540001,15.34117603302002,0.02997075952589512,0.01092168316245079
423,0.6776602268218994,1.3001573085784912,0.8854216933250427,0.5655138492584229,0.02517314814031124,15.429993629455566,0.031049249693751335,0.011587640270590782
424,0.6735877394676208,1.3089853525161743,0.8848690390586853,0.5629222989082336,0.02197655849158764,15.403242111206055,0.025339042767882347,0.009456579573452473
425,0.6744207739830017,1.303492546081543,0.8822564482688904,0.5640637874603271,0.027570592239499092,15.38291072845459,0.029273580759763718,0.010788491927087307
426,0.6721377372741699,1.3211054801940918,0.880723774433136,0.5631382465362549,0.024773575365543365,15.439311981201172,0.03128332644701004,0.011720831505954266
427,0.6790176630020142,1.293905258178711,0.8825172185897827,0.5654829740524292,0.02011188119649887,15.407571792602539,0.02056555263698101,0.007458710577338934
428,0.6748526692390442,1.295568585395813,0.8819300532341003,0.5639095306396484,0.01931273378431797,15.317055702209473,0.02155332639813423,0.007725093048065901
429,0.6756548285484314,1.3084707260131836,0.8819872736930847,0.564680814743042,0.021710176020860672,15.392277717590332,0.024875622242689133,0.00932338833808899
430,0.6715207099914551,1.3145455121994019,0.8834236860275269,0.5629839897155762,0.024240810424089432,15.324234008789062,0.026526162400841713,0.00972296204417944
431,0.6738037467002869,1.3097641468048096,0.881783127784729,0.5644957423210144,0.024773575365543365,15.394522666931152,0.027170076966285706,0.010255726985633373
432,0.6768580675125122,1.2988286018371582,0.8841656446456909,0.569185197353363,0.02184336632490158,15.384305000305176,0.022892819717526436,0.008790623396635056
433,0.68034428358078,1.2796796560287476,0.8881680369377136,0.5701724886894226,0.02703782543540001,15.456602096557617,0.03315696492791176,0.012519978918135166
434,0.6713664531707764,1.318310022354126,0.883273720741272,0.5640329718589783,0.023042088374495506,15.318225860595703,0.02608376182615757,0.009456579573452473
435,0.6769814491271973,1.3000831604003906,0.8819786906242371,0.5687841176986694,0.024107618257403374,15.36328125,0.029637761414051056,0.010788491927087307
436,0.6781229972839355,1.295853614807129,0.8841683864593506,0.5656681060791016,0.022908898070454597,15.39720630645752,0.027162259444594383,0.01012253575026989
437,0.6791719198226929,1.2803832292556763,0.8835996389389038,0.5698022246360779,0.026505060493946075,15.408196449279785,0.029263006523251534,0.010788491927087307
438,0.6767038106918335,1.3026790618896484,0.8831337094306946,0.5686298608779907,0.022376131266355515,15.356972694396973,0.02379182167351246,0.008524240925908089
439,0.6800357699394226,1.2822908163070679,0.8840919137001038,0.5711288452148438,0.024107618257403374,15.34129810333252,0.02654867246747017,0.009589770808815956
440,0.6764878034591675,1.3075710535049438,0.8808825612068176,0.5653595924377441,0.02277570590376854,15.432689666748047,0.03374908119440079,0.0122535964474082
441,0.6780304312705994,1.2965459823608398,0.8848252892494202,0.570264995098114,0.02357485331594944,15.435650825500488,0.024596182629466057,0.008923814631998539
442,0.6836146116256714,1.2699233293533325,0.8885815143585205,0.5747693777084351,0.027570592239499092,15.48069953918457,0.03558844327926636,0.01345231756567955
443,0.6789868474006653,1.2881088256835938,0.883030354976654,0.5724863409996033,0.02344166301190853,15.395249366760254,0.02698706090450287,0.00972296204417944
444,0.6800357699394226,1.2887217998504639,0.8834303021430969,0.5714373588562012,0.026505060493946075,15.56297492980957,0.030034130439162254,0.011720831505954266
445,0.6804985404014587,1.2849736213684082,0.8828154802322388,0.5715299248695374,0.0261054877191782,15.475839614868164,0.03288334980607033,0.01265317015349865
446,0.6779995560646057,1.2900556325912476,0.8807769417762756,0.5679819583892822,0.022509323433041573,15.524502754211426,0.029147176072001457,0.010788491927087307
447,0.680560290813446,1.2741906642913818,0.8828533291816711,0.5731342434883118,0.022376131266355515,15.586129188537598,0.03295932710170746,0.012519978918135166
448,0.6751611828804016,1.3016000986099243,0.8830138444900513,0.5698330998420715,0.023042088374495506,15.458155632019043,0.025877349078655243,0.00972296204417944
449,0.6800975203514099,1.278232216835022,0.8888995051383972,0.5731650590896606,0.023042088374495506,15.417872428894043,0.030271030962467194,0.011454449035227299
450,0.6784623265266418,1.2950562238693237,0.8827908635139465,0.5706969499588013,0.02104421891272068,15.665538787841797,0.023943662643432617,0.009057005867362022
451,0.6829667091369629,1.2810605764389038,0.8823249936103821,0.5727640390396118,0.023974427953362465,15.526734352111816,0.026879766955971718,0.009856153279542923
452,0.6804677248001099,1.2831255197525024,0.8845148086547852,0.5739672183990479,0.02024507150053978,15.557622909545898,0.027718549594283104,0.010388918220996857
453,0.6853423118591309,1.2641315460205078,0.8876217603683472,0.5763119459152222,0.02344166301190853,15.507885932922363,0.029442327097058296,0.01132125686854124
454,0.6821954250335693,1.2764559984207153,0.8838685154914856,0.5757566690444946,0.021710176020860672,15.532593727111816,0.029287226498126984,0.011054874397814274
455,0.6842625141143799,1.2756507396697998,0.8842873573303223,0.5757566690444946,0.027304209768772125,15.546850204467773,0.03378613665699959,0.012919552624225616
456,0.6765803694725037,1.2999184131622314,0.8818047046661377,0.5692160725593567,0.025439530611038208,15.613167762756348,0.02839900553226471,0.010655300691723824
457,0.6792336702346802,1.27949857711792,0.8840559124946594,0.5718693137168884,0.03023441694676876,15.587337493896484,0.03599153086543083,0.013585508801043034
458,0.6756239533424377,1.29777991771698,0.8793943524360657,0.5680128335952759,0.02197655849158764,15.51997184753418,0.027249909937381744,0.01012253575026989
459,0.6826581954956055,1.2777398824691772,0.8811712265014648,0.5737821459770203,0.027304209768772125,15.51381778717041,0.03238161653280258,0.012386787682771683
460,0.6815475225448608,1.278915524482727,0.8839501738548279,0.5755098462104797,0.02517314814031124,15.576892852783203,0.026306558400392532,0.009989344514906406
461,0.6829975843429565,1.263382077217102,0.8850753307342529,0.5799833536148071,0.024240810424089432,15.552083015441895,0.030024725943803787,0.01132125686854124
462,0.6797581315040588,1.2840021848678589,0.8833214640617371,0.5727022886276245,0.0245071928948164,15.596945762634277,0.028866713866591454,0.010788491927087307
463,0.6792027950286865,1.2845584154129028,0.8823557496070862,0.5722395181655884,0.027437400072813034,15.609827041625977,0.031111111864447594,0.012120405212044716
464,0.6823804974555969,1.2659330368041992,0.8846390247344971,0.5779779553413391,0.023042088374495506,15.628459930419922,0.02975778467953205,0.011454449035227299
465,0.682349681854248,1.2660725116729736,0.881977379322052,0.5796130895614624,0.02357485331594944,15.613870620727539,0.02938053011894226,0.011054874397814274
466,0.6863295435905457,1.257373332977295,0.8853891491889954,0.5784407258033752,0.0269046351313591,15.603287696838379,0.032809771597385406,0.012519978918135166
467,0.6828433275222778,1.2705256938934326,0.8826392889022827,0.5761268734931946,0.024640383198857307,15.652741432189941,0.032718412578105927,0.012519978918135166
468,0.6806527972221375,1.2820827960968018,0.8829236030578613,0.5784099102020264,0.026371870189905167,15.670934677124023,0.029015544801950455,0.011188065633177757
469,0.6846635341644287,1.2682994604110718,0.8850221633911133,0.5782556533813477,0.0253063403069973,15.638886451721191,0.029463347047567368,0.011188065633177757
470,0.685218870639801,1.266710638999939,0.8832165002822876,0.5791195034980774,0.02956845983862877,15.626413345336914,0.03188908100128174,0.0122535964474082
471,0.6789559721946716,1.2770353555679321,0.8827762603759766,0.5752630233764648,0.024640383198857307,15.641463279724121,0.02450486831367016,0.00972296204417944
472,0.680560290813446,1.2725456953048706,0.8805040121078491,0.5756023526191711,0.023974427953362465,15.54421615600586,0.030422333627939224,0.01132125686854124
473,0.6904019713401794,1.248769760131836,0.8834103941917419,0.5837163925170898,0.024906765669584274,15.665316581726074,0.031651828438043594,0.012786361388862133
474,0.6857742071151733,1.2504584789276123,0.8846297860145569,0.5831302404403687,0.026638252660632133,15.61228084564209,0.029311520978808403,0.011454449035227299
475,0.6858359575271606,1.2545549869537354,0.8806201815605164,0.5782864689826965,0.027437400072813034,15.596033096313477,0.03480444848537445,0.012919552624225616
476,0.6866689324378967,1.2515605688095093,0.8878271579742432,0.5818961262702942,0.022109748795628548,15.68541145324707,0.02385128103196621,0.009057005867362022
477,0.6829975843429565,1.2713279724121094,0.8820290565490723,0.5782864689826965,0.0245071928948164,15.596580505371094,0.030077729374170303,0.011854022741317749
478,0.6875019073486328,1.2445377111434937,0.8843173384666443,0.5808780193328857,0.02197655849158764,15.608220100402832,0.03026038035750389,0.011454449035227299
479,0.6863604187965393,1.2577707767486572,0.8845593333244324,0.580600380897522,0.024640383198857307,15.67897891998291,0.02923773042857647,0.011188065633177757
480,0.6871317028999329,1.2502896785736084,0.8846459984779358,0.5832228064537048,0.02104421891272068,15.637908935546875,0.02727900631725788,0.01052210945636034
481,0.6871317028999329,1.2557921409606934,0.8847221732139587,0.5801067352294922,0.022908898070454597,15.653802871704102,0.02449520118534565,0.009856153279542923
482,0.6861135959625244,1.2525684833526611,0.885220468044281,0.5815259218215942,0.021443793550133705,15.511479377746582,0.025195173919200897,0.009456579573452473
483,0.685928463935852,1.2476720809936523,0.8867862224578857,0.5797365307807922,0.023841235786676407,15.60422134399414,0.025641025975346565,0.00972296204417944
484,0.6912041306495667,1.2444134950637817,0.884115993976593,0.5860919952392578,0.020644646137952805,15.647104263305664,0.022791024297475815,0.008657432161271572
485,0.6871933937072754,1.2472432851791382,0.8845306634902954,0.5823280811309814,0.023308470845222473,15.679403305053711,0.027988942340016365,0.010788491927087307
486,0.6868231892585754,1.2486929893493652,0.8801140785217285,0.580723762512207,0.024773575365543365,15.690462112426758,0.029907183721661568,0.011587640270590782
487,0.6867614984512329,1.24271821975708,0.8813993334770203,0.5837472677230835,0.023308470845222473,15.701974868774414,0.028670120984315872,0.011054874397814274
488,0.6853731274604797,1.2553348541259766,0.8803150057792664,0.5793354511260986,0.022908898070454597,15.78759765625,0.028401585295796394,0.011454449035227299
489,0.6885817646980286,1.2426351308822632,0.8853147029876709,0.5858760476112366,0.023841235786676407,15.694445610046387,0.03143812716007233,0.012519978918135166
490,0.6866380572319031,1.2594478130340576,0.8839532732963562,0.5814025402069092,0.025039957836270332,15.690524101257324,0.028629856184124947,0.011188065633177757
491,0.6887051463127136,1.250142216682434,0.8840315937995911,0.5839632153511047,0.02277570590376854,15.764365196228027,0.027217742055654526,0.010788491927087307
492,0.6900317668914795,1.2379319667816162,0.8842149376869202,0.586894154548645,0.02277570590376854,15.769707679748535,0.02131202071905136,0.008524240925908089
493,0.6919445991516113,1.23922598361969,0.8878971934318542,0.5862154364585876,0.02597229555249214,15.70924186706543,0.03021148033440113,0.011987213976681232
494,0.6882423758506775,1.2532153129577637,0.8841437697410583,0.580600380897522,0.02357485331594944,15.702035903930664,0.028542304411530495,0.011188065633177757
495,0.6893530488014221,1.2369344234466553,0.8848087191581726,0.5865239500999451,0.024107618257403374,15.827147483825684,0.026838965713977814,0.010788491927087307
496,0.688180685043335,1.2399886846542358,0.8844113349914551,0.5863696932792664,0.023708045482635498,15.680917739868164,0.028882093727588654,0.01132125686854124
497,0.6899392008781433,1.240660548210144,0.8811273574829102,0.584518551826477,0.026371870189905167,15.827164649963379,0.02998696267604828,0.0122535964474082
498,0.6896923780441284,1.2430635690689087,0.8848340511322021,0.5857217907905579,0.021310601383447647,15.643759727478027,0.02571134641766548,0.009989344514906406
499,0.6924999356269836,1.227786898612976,0.8868100047111511,0.5878505706787109,0.0245071928948164,15.766032218933105,0.025303643196821213,0.009989344514906406
500,0.689599871635437,1.254508376121521,0.8851861953735352,0.5851355791091919,0.02024507150053978,15.780624389648438,0.02225913666188717,0.008923814631998539
501,0.6882732510566711,1.2436668872833252,0.8817734122276306,0.5853824019432068,0.022109748795628548,15.643333435058594,0.02482621558010578,0.009989344514906406
502,0.6912041306495667,1.2225037813186646,0.8826060891151428,0.5884675979614258,0.02197655849158764,15.728686332702637,0.023217247799038887,0.00932338833808899
503,0.6895381212234497,1.2369574308395386,0.8846009969711304,0.5848579406738281,0.02184336632490158,15.78727912902832,0.02242744155228138,0.009057005867362022
504,0.6896923780441284,1.236598014831543,0.8838709592819214,0.5875111818313599,0.02197655849158764,15.721540451049805,0.02557980827987194,0.009989344514906406
505,0.6949372291564941,1.2077374458312988,0.8857077360153198,0.5946071147918701,0.02437400072813034,15.750764846801758,0.03257549926638603,0.012786361388862133
506,0.6908956170082092,1.2320822477340698,0.8841482996940613,0.5862771272659302,0.0253063403069973,15.87469482421875,0.02779616229236126,0.011188065633177757
507,0.6930860877037048,1.2261123657226562,0.8851701021194458,0.5907506346702576,0.024906765669584274,15.72480583190918,0.02967257797718048,0.011587640270590782
508,0.6932095289230347,1.2226026058197021,0.8861822485923767,0.5892388820648193,0.025705913081765175,15.760244369506836,0.030981067568063736,0.011987213976681232
509,0.6949372291564941,1.2181510925292969,0.8859137892723083,0.5910282731056213,0.025039957836270332,15.747661590576172,0.02960745245218277,0.011854022741317749
510,0.6944435834884644,1.2189587354660034,0.8842795491218567,0.5905655026435852,0.0245071928948164,15.886993408203125,0.02287798374891281,0.009190197102725506
511,0.6909881830215454,1.2265442609786987,0.8860976099967957,0.5909048914909363,0.023708045482635498,15.838539123535156,0.025623735040426254,0.01012253575026989
