epoch,accuracy,loss,precision,recall,val_accuracy,val_loss,val_precision,val_recall
0,0.044179804623126984,6.215623378753662,0.0,0.0,0.04128929227590561,6.525483131408691,0.0,0.0
1,0.049918241798877716,5.920177459716797,0.0,0.0,0.04728289693593979,6.602599620819092,0.0,0.0
2,0.05858760327100754,5.741495132446289,0.7368420958518982,0.00043192546581849456,0.04475226253271103,6.6925506591796875,0.0,0.0
3,0.07123684883117676,5.538107872009277,0.97826087474823,0.00138833187520504,0.046616941690444946,6.796008110046387,0.0,0.0
4,0.0901181623339653,5.326170921325684,0.8947368264198303,0.004720328375697136,0.04568460211157799,6.864126682281494,0.0,0.0
5,0.1119612529873848,5.1200079917907715,0.9161290526390076,0.008761916309595108,0.040756527334451675,6.992399215698242,0.0,0.0
6,0.1278807818889618,4.92478609085083,0.9153713583946228,0.01635146327316761,0.04049014300107956,7.130080223083496,0.0,0.0
7,0.14685465395450592,4.732901096343994,0.894911527633667,0.024959120899438858,0.04195524752140045,7.23391580581665,0.014285714365541935,0.00013319126446731389
8,0.1641625314950943,4.558708667755127,0.8944765329360962,0.03347422182559967,0.038225892931222916,7.348636627197266,0.016129031777381897,0.00013319126446731389
9,0.17946502566337585,4.3979315757751465,0.8881028890609741,0.04260636121034622,0.033963773399591446,7.45266056060791,0.0,0.0
10,0.1956622302532196,4.223810195922852,0.8829953074455261,0.052386388182640076,0.034096963703632355,7.640355110168457,0.03773584961891174,0.0005327650578692555
11,0.21250732243061066,4.071560859680176,0.8820124864578247,0.06111745163798332,0.03729355335235596,7.722485065460205,0.09615384787321091,0.001331912586465478
12,0.23052479326725006,3.9347004890441895,0.8885003924369812,0.0705581083893776,0.035961639136075974,7.909381866455078,0.03030303120613098,0.0005327650578692555
13,0.2474624365568161,3.788947820663452,0.8762160539627075,0.08058495074510574,0.03303143382072449,8.03416633605957,0.08965517580509186,0.00173148640897125
14,0.2598957121372223,3.685380458831787,0.8806374073028564,0.0903649777173996,0.03223228454589844,8.166817665100098,0.07065217196941376,0.00173148640897125
15,0.28176966309547424,3.556426525115967,0.8897936940193176,0.10113225877285004,0.035961639136075974,8.2846097946167,0.03703703731298447,0.0007991475868038833
16,0.29565298557281494,3.4513485431671143,0.8825381398200989,0.11242403090000153,0.03116675466299057,8.439950942993164,0.0625,0.001331912586465478
17,0.3128065764904022,3.3439784049987793,0.89199298620224,0.1251041293144226,0.029968034476041794,8.554068565368652,0.056872036308050156,0.0015982951736077666
18,0.324129194021225,3.250164747238159,0.8870079517364502,0.13417455554008484,0.033297814428806305,8.699393272399902,0.06614785641431808,0.0022642514668405056
19,0.3396785259246826,3.163926839828491,0.8892918229103088,0.14373862743377686,0.02876931242644787,8.747879981994629,0.06844106316566467,0.002397442702203989
20,0.34819361567497253,3.093963384628296,0.8880199193954468,0.15413568913936615,0.029968034476041794,8.892354011535645,0.0625,0.0029302078764885664
21,0.36118224263191223,3.0195746421813965,0.8958263993263245,0.1655508577823639,0.0285029299557209,9.000614166259766,0.05624999850988388,0.002397442702203989
22,0.3742017149925232,2.935436725616455,0.8926143646240234,0.17823095619678497,0.03223228454589844,9.13429069519043,0.06575342267751694,0.0031965903472155333
23,0.3839200437068939,2.8791615962982178,0.8897695541381836,0.18702372908592224,0.030767181888222694,9.235234260559082,0.07238605618476868,0.0035961640533059835
24,0.3966309726238251,2.8087072372436523,0.8930029273033142,0.19569309055805206,0.029168887063860893,9.330933570861816,0.0416666679084301,0.0022642514668405056
25,0.4057631194591522,2.741058349609375,0.896346390247345,0.20436245203018188,0.028236547484993935,9.388174057006836,0.04415584355592728,0.0022642514668405056
26,0.4139080047607422,2.684173583984375,0.896016538143158,0.21374140679836273,0.028369739651679993,9.490544319152832,0.07088607549667358,0.003729355288669467
27,0.42214542627334595,2.6382946968078613,0.8947760462760925,0.22247245907783508,0.02703782543540001,9.563433647155762,0.06997742503881454,0.004128929227590561
28,0.4328818619251251,2.579094648361206,0.8960577845573425,0.23351742327213287,0.031433138996362686,9.628026962280273,0.07079645991325378,0.004262120462954044
29,0.4407799243927002,2.5282981395721436,0.8990995287895203,0.24027396738529205,0.03303143382072449,9.722415924072266,0.09210526198148727,0.00652637192979455
30,0.4508376121520996,2.4787583351135254,0.8953956365585327,0.24718476831912994,0.032365478575229645,9.825923919677734,0.07933579385280609,0.005727224517613649
31,0.4624378979206085,2.423647880554199,0.8986515402793884,0.2590627074241638,0.0269046351313591,9.947509765625,0.0664505660533905,0.005460841581225395
32,0.4662635326385498,2.403594493865967,0.8967328667640686,0.26335111260414124,0.031566329300403595,9.99622631072998,0.05347593501210213,0.0039957379922270775
33,0.47530311346054077,2.34285831451416,0.8935049176216125,0.2720513343811035,0.030633989721536636,10.071548461914062,0.050215207040309906,0.004661694169044495
34,0.48449695110321045,2.302877902984619,0.8968417048454285,0.28297287225723267,0.02770378254354,10.141798973083496,0.06896551698446274,0.0061267982237041
35,0.48986518383026123,2.2606725692749023,0.9018037915229797,0.28843364119529724,0.030767181888222694,10.193535804748535,0.06314244121313095,0.005727224517613649
36,0.4948631823062897,2.2281806468963623,0.894219160079956,0.2973189651966095,0.028369739651679993,10.256683349609375,0.07057057321071625,0.006259989459067583
37,0.5059389472007751,2.186138153076172,0.9010799527168274,0.3063277006149292,0.03103356435894966,10.322997093200684,0.04940119758248329,0.004395311698317528
38,0.5125104188919067,2.1492385864257812,0.8943003416061401,0.3127140402793884,0.02783697471022606,10.534867286682129,0.05025125667452812,0.005327650345861912
39,0.5206552743911743,2.1025490760803223,0.9020215272903442,0.32351216673851013,0.03196590393781662,10.432486534118652,0.06367041170597076,0.006792754400521517
40,0.524480938911438,2.072115898132324,0.896875262260437,0.33029958605766296,0.030633989721536636,10.539868354797363,0.06699752062559128,0.007192328106611967
41,0.5312374830245972,2.0392653942108154,0.9004128575325012,0.33640822768211365,0.03303143382072449,10.627106666564941,0.06589595228433609,0.007591901812702417
42,0.5341683626174927,2.01973295211792,0.8989775776863098,0.3418073058128357,0.027304209768772125,10.717484474182129,0.05569007247686386,0.0061267982237041
43,0.5399993658065796,1.9795559644699097,0.9002400040626526,0.3471755087375641,0.030500799417495728,10.767905235290527,0.06907545030117035,0.008657432161271572
44,0.5447196960449219,1.9645510911941528,0.8995612859725952,0.3542405962944031,0.026771442964673042,10.793705940246582,0.054143644869327545,0.00652637192979455
45,0.5545614361763,1.927313208580017,0.9014158844947815,0.3692654073238373,0.02876931242644787,10.866731643676758,0.06256306916475296,0.008257858455181122
46,0.556227445602417,1.9039641618728638,0.8971729874610901,0.36716750264167786,0.02876931242644787,10.925694465637207,0.07202505320310593,0.009190197102725506
47,0.5616573691368103,1.8822921514511108,0.8998004794120789,0.3756825923919678,0.02876931242644787,11.013936042785645,0.052527256309986115,0.007059136871248484
48,0.5692777633666992,1.8465776443481445,0.9002607464790344,0.3834572434425354,0.02876931242644787,10.918274879455566,0.04959513992071152,0.00652637192979455
49,0.5725480318069458,1.8282252550125122,0.9022663831710815,0.38934993743896484,0.02783697471022606,11.038796424865723,0.07169117778539658,0.010388918220996857
50,0.5785332918167114,1.7933269739151,0.9021662473678589,0.3957362771034241,0.029035694897174835,11.16333293914795,0.050513699650764465,0.007858284749090672
51,0.5812174081802368,1.7816730737686157,0.8998066782951355,0.4020300507545471,0.02703782543540001,11.185982704162598,0.04987102374434471,0.007725093048065901
52,0.5866164565086365,1.754209041595459,0.8975144624710083,0.40662696957588196,0.03103356435894966,11.252925872802734,0.05906148999929428,0.00972296204417944
53,0.5947613716125488,1.715588092803955,0.906348466873169,0.41711658239364624,0.03036760725080967,11.338024139404297,0.055601660162210464,0.008923814631998539
54,0.5988337993621826,1.7050288915634155,0.9004661440849304,0.42313268780708313,0.02783697471022606,11.286218643188477,0.04987531155347824,0.007991475984454155
55,0.5972912311553955,1.6938203573226929,0.8981159329414368,0.4220837354660034,0.027437400072813034,11.391554832458496,0.04240554943680763,0.0073255193419754505
56,0.6028445363044739,1.6784948110580444,0.9032028913497925,0.431524395942688,0.024773575365543365,11.482613563537598,0.04264706000685692,0.007725093048065901
57,0.6089223623275757,1.654241681098938,0.8997778296470642,0.4373553693294525,0.02783697471022606,11.496676445007324,0.045689020305871964,0.008257858455181122
58,0.6135809421539307,1.624862790107727,0.903956949710846,0.44543856382369995,0.027171017602086067,11.601546287536621,0.04411764815449715,0.007991475984454155
59,0.6167895793914795,1.6088517904281616,0.9016879796981812,0.44991207122802734,0.0245071928948164,11.678019523620605,0.04947735369205475,0.009456579573452473
60,0.6159257292747498,1.6109992265701294,0.8985444903373718,0.4513929486274719,0.029168887063860893,11.647027969360352,0.05463347211480141,0.01052210945636034
61,0.6266621351242065,1.5700098276138306,0.9039565324783325,0.46169745922088623,0.03183271363377571,11.69890022277832,0.05969148129224777,0.011854022741317749
62,0.6244407892227173,1.5671354532241821,0.8968473076820374,0.4616357684135437,0.028369739651679993,11.749613761901855,0.047034766525030136,0.009190197102725506
63,0.6304569244384766,1.5585644245147705,0.899210512638092,0.46737420558929443,0.027304209768772125,11.756026268005371,0.04110559821128845,0.007725093048065901
64,0.6284824013710022,1.5472118854522705,0.8953959941864014,0.46981149911880493,0.02943526953458786,11.75964641571045,0.04683377221226692,0.009456579573452473
65,0.6365655660629272,1.5119622945785522,0.897989809513092,0.47962236404418945,0.024773575365543365,11.82634162902832,0.0383344367146492,0.007725093048065901
66,0.6391263008117676,1.4995626211166382,0.8992661237716675,0.48391076922416687,0.026638252660632133,11.954062461853027,0.04473850131034851,0.009456579573452473
67,0.640514612197876,1.4822547435760498,0.8995066285133362,0.4893406927585602,0.025439530611038208,11.959016799926758,0.04433497413992882,0.009589770808815956
68,0.6398358941078186,1.4976807832717896,0.8977820873260498,0.48829174041748047,0.0261054877191782,11.988466262817383,0.03894472494721413,0.008257858455181122
69,0.6485669612884521,1.4658501148223877,0.8987519145011902,0.495418518781662,0.027304209768772125,12.031739234924316,0.04575163498520851,0.010255726985633373
70,0.64751797914505,1.4530917406082153,0.9016968011856079,0.5000462532043457,0.027970165014266968,12.045476913452148,0.04742145910859108,0.010655300691723824
71,0.6474871039390564,1.465880274772644,0.8985273838043213,0.4988430440425873,0.027570592239499092,12.119156837463379,0.051575932651758194,0.011987213976681232
72,0.6549841165542603,1.4360384941101074,0.9032731652259827,0.5125412940979004,0.02876931242644787,12.105241775512695,0.04242081567645073,0.009989344514906406
73,0.6571128964424133,1.431671380996704,0.9022825956344604,0.5122019052505493,0.03223228454589844,12.175362586975098,0.04893138259649277,0.011587640270590782
74,0.6557554006576538,1.4056193828582764,0.897890567779541,0.5108444094657898,0.02597229555249214,12.256708145141602,0.044652700424194336,0.010788491927087307
75,0.6647332906723022,1.3846241235733032,0.8997974395751953,0.5208404064178467,0.025705913081765175,12.176902770996094,0.0416666679084301,0.010255726985633373
76,0.665597140789032,1.3850922584533691,0.8987014293670654,0.5252522230148315,0.02863612212240696,12.272430419921875,0.05129561200737953,0.012919552624225616
77,0.668466329574585,1.361992359161377,0.9009765982627869,0.5294172167778015,0.029302077367901802,12.294734954833984,0.04779411852359772,0.012120405212044716
78,0.6713047027587891,1.3612571954727173,0.9023825526237488,0.5293246507644653,0.03036760725080967,12.39674186706543,0.04338734969496727,0.011054874397814274
79,0.6699472665786743,1.3503015041351318,0.8997811079025269,0.5326566696166992,0.027304209768772125,12.422386169433594,0.04946131259202957,0.01345231756567955
80,0.6692993640899658,1.355190396308899,0.8998185992240906,0.535649299621582,0.030900372192263603,12.433395385742188,0.046883050352334976,0.012120405212044716
81,0.6774134039878845,1.3286875486373901,0.8993333578109741,0.5410483479499817,0.027570592239499092,12.427712440490723,0.048161573708057404,0.012386787682771683
82,0.6784932017326355,1.3255695104599,0.9013437032699585,0.5442878007888794,0.02956845983862877,12.511468887329102,0.0527116060256958,0.01385189127177
83,0.6791102290153503,1.3225117921829224,0.902458906173706,0.5469101667404175,0.030633989721536636,12.54947566986084,0.04432271048426628,0.011854022741317749
84,0.6784932017326355,1.3137080669403076,0.9009730219841003,0.5484836101531982,0.0269046351313591,12.603805541992188,0.039116427302360535,0.01132125686854124
85,0.6815783977508545,1.3000555038452148,0.8989006280899048,0.5524635314941406,0.02783697471022606,12.5855131149292,0.04724041000008583,0.01345231756567955
86,0.6862061619758606,1.2862606048583984,0.900324285030365,0.5567827820777893,0.02863612212240696,12.606831550598145,0.044629719108343124,0.012120405212044716
87,0.6864529848098755,1.2900587320327759,0.9007959961891174,0.558603048324585,0.027171017602086067,12.618945121765137,0.046335697174072266,0.0130527438595891
88,0.6876253485679626,1.2735686302185059,0.9014472961425781,0.5649585127830505,0.02623867802321911,12.698957443237305,0.03786816447973251,0.010788491927087307
89,0.6851880550384521,1.2792271375656128,0.8991342782974243,0.5607626438140869,0.025705913081765175,12.749201774597168,0.040071237832307816,0.011987213976681232
90,0.6930243968963623,1.2618834972381592,0.9042710065841675,0.5682904720306396,0.02770378254354,12.773476600646973,0.04390018433332443,0.01265317015349865
91,0.691389262676239,1.2525402307510376,0.9013215899467468,0.5681053996086121,0.02863612212240696,12.856220245361328,0.04361233487725258,0.013185935094952583
92,0.6908648014068604,1.2488270998001099,0.9009066224098206,0.5702341794967651,0.02863612212240696,12.79193115234375,0.03594470024108887,0.010388918220996857
93,0.6965723633766174,1.2330375909805298,0.9017056822776794,0.57085120677948,0.02623867802321911,12.7726411819458,0.03539426624774933,0.01052210945636034
94,0.7033597826957703,1.2028605937957764,0.9050107598304749,0.5822972059249878,0.02597229555249214,12.804009437561035,0.03942181169986725,0.011987213976681232
95,0.6991947889328003,1.2213184833526611,0.9012770652770996,0.5813408493995667,0.03129994496703148,12.796112060546875,0.047790803015232086,0.014118273742496967
96,0.6975287795066833,1.222238302230835,0.8999136090278625,0.5786567330360413,0.025439530611038208,12.859284400939941,0.03975535184144974,0.012120405212044716
97,0.703637421131134,1.2033828496932983,0.8987635374069214,0.5853207111358643,0.024640383198857307,12.941057205200195,0.04138513654470444,0.0130527438595891
98,0.7045938372612,1.191468596458435,0.9049386382102966,0.5868015885353088,0.023974427953362465,12.958759307861328,0.03515625,0.010788491927087307
99,0.7031129598617554,1.1977628469467163,0.8998631238937378,0.5883133411407471,0.025572722777724266,12.981348991394043,0.04599211737513542,0.013985082507133484
100,0.7066609263420105,1.1838139295578003,0.9004048109054565,0.5901952981948853,0.026371870189905167,12.9977388381958,0.040068935602903366,0.012386787682771683
101,0.7016628980636597,1.208436369895935,0.8989045023918152,0.5873260498046875,0.03103356435894966,13.00944995880127,0.04656129702925682,0.014517847448587418
102,0.7081418037414551,1.173882007598877,0.8996544480323792,0.5944219827651978,0.027304209768772125,13.029313087463379,0.046207498759031296,0.014118273742496967
103,0.7113195061683655,1.169797420501709,0.904969334602356,0.5961188673973083,0.02197655849158764,13.142059326171875,0.033207230269908905,0.01052210945636034
104,0.7102397084236145,1.1652096509933472,0.8998931050300598,0.5973837375640869,0.026638252660632133,13.120614051818848,0.03885066881775856,0.012786361388862133
105,0.712677001953125,1.166123867034912,0.9055095911026001,0.5978156924247742,0.029168887063860893,13.149300575256348,0.040508341044187546,0.013585508801043034
106,0.7156696319580078,1.1346440315246582,0.9028768539428711,0.6051584482192993,0.023974427953362465,13.162923812866211,0.03352180868387222,0.011054874397814274
107,0.7132015228271484,1.1434518098831177,0.9009878039360046,0.6021966338157654,0.023308470845222473,13.218153953552246,0.03102625347673893,0.010388918220996857
108,0.7163175344467163,1.1379002332687378,0.899822473526001,0.6099404692649841,0.02357485331594944,13.319866180419922,0.03471941873431206,0.011454449035227299
109,0.7152994275093079,1.1383440494537354,0.9002285003662109,0.6076882481575012,0.02597229555249214,13.23027515411377,0.03638544678688049,0.012120405212044716
110,0.7179526686668396,1.1368838548660278,0.9014618396759033,0.6087989211082458,0.026638252660632133,13.269004821777344,0.03592577949166298,0.012120405212044716
111,0.7177675366401672,1.1280871629714966,0.9035776257514954,0.61089688539505,0.02703782543540001,13.27967357635498,0.036864571273326874,0.01265317015349865
112,0.7186622619628906,1.136612057685852,0.9010090827941895,0.6087989211082458,0.027171017602086067,13.2437162399292,0.038296207785606384,0.0130527438595891
113,0.7185388803482056,1.1170613765716553,0.901384711265564,0.6105266213417053,0.0253063403069973,13.365690231323242,0.037238169461488724,0.012786361388862133
114,0.7215932011604309,1.112464427947998,0.9007309675216675,0.6158639788627625,0.026638252660632133,13.36225700378418,0.03956972807645798,0.013718700036406517
115,0.7245241403579712,1.100581407546997,0.9030860662460327,0.6175299882888794,0.027437400072813034,13.341649055480957,0.03794466331601143,0.012786361388862133
116,0.7209761738777161,1.1108518838882446,0.9003055095672607,0.6182395815849304,0.024240810424089432,13.394416809082031,0.03278041258454323,0.011054874397814274
117,0.7266837358474731,1.0889971256256104,0.9035950899124146,0.6234535574913025,0.025839105248451233,13.395467758178711,0.037778615951538086,0.013319126330316067
118,0.7263443470001221,1.0926975011825562,0.9010599255561829,0.6268472671508789,0.02703782543540001,13.439809799194336,0.03624008968472481,0.012786361388862133
119,0.7294912338256836,1.0777373313903809,0.9042648077011108,0.6253663897514343,0.025439530611038208,13.431711196899414,0.03441755101084709,0.012120405212044716
120,0.7269922494888306,1.0871635675430298,0.9026040434837341,0.6255823373794556,0.028902504593133926,13.423151969909668,0.04272863641381264,0.015183803625404835
121,0.7286273837089539,1.0821176767349243,0.9014540314674377,0.6273717284202576,0.0285029299557209,13.403468132019043,0.03739031031727791,0.0130527438595891
122,0.7306327819824219,1.0795055627822876,0.9026955366134644,0.6302409768104553,0.026638252660632133,13.488698959350586,0.03537563979625702,0.012919552624225616
123,0.7337179780006409,1.0628070831298828,0.9057146906852722,0.6312590837478638,0.026638252660632133,13.528946876525879,0.04380103945732117,0.015716569498181343
124,0.7326689958572388,1.0614628791809082,0.9024722576141357,0.6329250335693359,0.0261054877191782,13.53464126586914,0.03425414487719536,0.012386787682771683
125,0.7329466342926025,1.058213233947754,0.9009857773780823,0.6344676613807678,0.02623867802321911,13.537924766540527,0.037881575524806976,0.013718700036406517
126,0.732761561870575,1.064762830734253,0.9024443626403809,0.6332952976226807,0.024240810424089432,13.488818168640137,0.03539493307471275,0.01265317015349865
127,0.7349211573600769,1.0466972589492798,0.9021354913711548,0.6373368501663208,0.025039957836270332,13.513843536376953,0.03286034241318703,0.011720831505954266
128,0.7349211573600769,1.0511243343353271,0.8996696472167969,0.638509213924408,0.024240810424089432,13.52608585357666,0.03005865029990673,0.01092168316245079
129,0.7357541918754578,1.0436517000198364,0.9071531891822815,0.638139009475708,0.024640383198857307,13.590641021728516,0.0368303582072258,0.013185935094952583
130,0.7347052097320557,1.0598411560058594,0.9014157652854919,0.6403603553771973,0.023974427953362465,13.65233325958252,0.0290635097771883,0.010788491927087307
131,0.7336562275886536,1.0631628036499023,0.901485800743103,0.6383241415023804,0.02437400072813034,13.659348487854004,0.032165832817554474,0.011987213976681232
132,0.7396414875984192,1.0314282178878784,0.9056995511054993,0.6456668376922607,0.025839105248451233,13.732237815856934,0.03723789006471634,0.013718700036406517
133,0.7357233166694641,1.0443423986434937,0.903075635433197,0.6404529213905334,0.021443793550133705,13.764057159423828,0.0294736847281456,0.011188065633177757
134,0.743929922580719,1.0293039083480835,0.9038668870925903,0.6468700766563416,0.022908898070454597,13.722105979919434,0.03046789951622486,0.011188065633177757
135,0.7443310022354126,1.0146818161010742,0.9021850228309631,0.6522074341773987,0.027171017602086067,13.693395614624023,0.034791965037584305,0.012919552624225616
136,0.7398883104324341,1.0317012071609497,0.9011259078979492,0.6444636583328247,0.022109748795628548,13.74653434753418,0.035320088267326355,0.012786361388862133
137,0.7452873587608337,1.0188863277435303,0.9053990244865417,0.6513744592666626,0.028103357180953026,13.757034301757812,0.041990119963884354,0.015849759802222252
138,0.7432820200920105,1.0166956186294556,0.9020252823829651,0.6513127684593201,0.0261054877191782,13.789437294006348,0.037331487983465195,0.014384656213223934
139,0.7424181699752808,1.027153491973877,0.902267575263977,0.6493999361991882,0.025839105248451233,13.802638053894043,0.03650403767824173,0.01385189127177
140,0.7503779530525208,0.9922093749046326,0.90837162733078,0.6588097214698792,0.025705913081765175,13.81518268585205,0.02977667562663555,0.011188065633177757
141,0.751673698425293,0.9874351620674133,0.9082047939300537,0.6611544489860535,0.025572722777724266,13.934856414794922,0.0393754243850708,0.015450186096131802
142,0.745133101940155,1.009002685546875,0.903653085231781,0.6525159478187561,0.02623867802321911,13.82427978515625,0.039807822555303574,0.015450186096131802
143,0.7468608021736145,1.0039883852005005,0.9037185311317444,0.6553235054016113,0.025705913081765175,13.805654525756836,0.03507516160607338,0.0130527438595891
144,0.7471076250076294,1.001534104347229,0.9022511839866638,0.6541202664375305,0.024107618257403374,13.889653205871582,0.0325976237654686,0.012786361388862133
145,0.7515811324119568,0.9840443730354309,0.9054995179176331,0.6618949174880981,0.027171017602086067,13.955869674682617,0.03380841761827469,0.013585508801043034
146,0.7515194416046143,0.9888519048690796,0.9082549214363098,0.6612470149993896,0.027171017602086067,13.9131498336792,0.03616948053240776,0.013985082507133484
147,0.7519205212593079,0.973700761795044,0.906920850276947,0.6634374856948853,0.02770378254354,13.87299633026123,0.03376534953713417,0.013185935094952583
148,0.7518279552459717,0.9697390794754028,0.90665203332901,0.6631289720535278,0.026771442964673042,13.971739768981934,0.03442399576306343,0.01345231756567955
149,0.7528152465820312,0.9764530062675476,0.9063449501991272,0.6628204584121704,0.027570592239499092,13.937360763549805,0.03776794672012329,0.014784229919314384
150,0.7519822120666504,0.9783260822296143,0.9066357612609863,0.6639003157615662,0.026638252660632133,14.072348594665527,0.03830508515238762,0.015050612390041351
151,0.7553759217262268,0.9668729305267334,0.9045230150222778,0.6675716638565063,0.026771442964673042,13.947599411010742,0.032612428069114685,0.01265317015349865
152,0.7515503168106079,0.9735877513885498,0.9041818380355835,0.6663993000984192,0.029701652005314827,14.00322151184082,0.03868943825364113,0.014784229919314384
153,0.7530620694160461,0.9687467217445374,0.9024603962898254,0.6665226817131042,0.024107618257403374,14.043478012084961,0.03041958063840866,0.011587640270590782
154,0.7524758577346802,0.9694621562957764,0.9017969369888306,0.6657822728157043,0.0285029299557209,14.035749435424805,0.03822525590658188,0.014917421154677868
155,0.7588313221931458,0.9454935789108276,0.9061465859413147,0.6758707761764526,0.027970165014266968,13.993699073791504,0.03537735715508461,0.013985082507133484
156,0.7597260475158691,0.9559311866760254,0.9085269570350647,0.6732175350189209,0.0285029299557209,14.16107177734375,0.03880983218550682,0.01598295196890831
157,0.7557770013809204,0.9628355503082275,0.9065276384353638,0.6705334186553955,0.0261054877191782,14.156462669372559,0.03207484260201454,0.012786361388862133
158,0.7535248398780823,0.9639973044395447,0.9049308896064758,0.668682336807251,0.024773575365543365,14.123229026794434,0.03178808093070984,0.012786361388862133
159,0.7625335454940796,0.9372084736824036,0.9074549078941345,0.6767346262931824,0.028236547484993935,14.096746444702148,0.03769100084900856,0.014784229919314384
160,0.7603121995925903,0.9373873472213745,0.9060527086257935,0.6775059103965759,0.024640383198857307,14.163700103759766,0.03221564739942551,0.0130527438595891
161,0.7538333535194397,0.9589545130729675,0.9016420841217041,0.6725388169288635,0.02517314814031124,14.078133583068848,0.03688524663448334,0.014384656213223934
162,0.7630888819694519,0.9312517046928406,0.9057496786117554,0.6789559721946716,0.027437400072813034,14.274590492248535,0.031139647588133812,0.012919552624225616
163,0.7599419951438904,0.9400976896286011,0.9038136601448059,0.6763335466384888,0.023708045482635498,14.183664321899414,0.035571809858083725,0.01425146497786045
164,0.7595717906951904,0.9374378323554993,0.9051759839057922,0.6776602268218994,0.024773575365543365,14.2261962890625,0.029325513169169426,0.011987213976681232
165,0.7626878023147583,0.9307385087013245,0.9066876173019409,0.6771973967552185,0.024240810424089432,14.29885196685791,0.03538115322589874,0.014651038683950901
166,0.7603121995925903,0.9462409615516663,0.9049719572067261,0.6772282719612122,0.02783697471022606,14.261848449707031,0.03638151288032532,0.014784229919314384
167,0.7588621973991394,0.9479137659072876,0.9059832692146301,0.677845299243927,0.025705913081765175,14.22887134552002,0.031147541478276253,0.01265317015349865
168,0.7628729343414307,0.9230942726135254,0.9056665897369385,0.6809613704681396,0.02517314814031124,14.315922737121582,0.03509336709976196,0.014517847448587418
169,0.7635825276374817,0.9182012677192688,0.9072579145431519,0.6829975843429565,0.027171017602086067,14.307234764099121,0.03783958777785301,0.015583377331495285
170,0.7615771293640137,0.9333999156951904,0.9057167172431946,0.6828433275222778,0.0245071928948164,14.290926933288574,0.030595812946558,0.01265317015349865
171,0.7622559070587158,0.9269188642501831,0.9064083695411682,0.6842316389083862,0.026771442964673042,14.268817901611328,0.03730366379022598,0.015183803625404835
172,0.764508068561554,0.9174422025680542,0.904765784740448,0.6858667731285095,0.02783697471022606,14.354240417480469,0.03529411926865578,0.014384656213223934
173,0.7659581303596497,0.9182396531105042,0.9065282940864563,0.6846018433570862,0.02956845983862877,14.47918701171875,0.04080997034907341,0.017448054626584053
174,0.766636848449707,0.9200937151908875,0.9069843292236328,0.68830406665802,0.023841235786676407,14.344867706298828,0.03367633372545242,0.014384656213223934
175,0.7653102278709412,0.9211785793304443,0.9088083505630493,0.6856508255004883,0.024107618257403374,14.420746803283691,0.02780381217598915,0.011854022741317749
176,0.7650325298309326,0.9175072312355042,0.9046549797058105,0.6835220456123352,0.024107618257403374,14.448406219482422,0.0298268124461174,0.012386787682771683
177,0.7714188694953918,0.9062663912773132,0.9087910652160645,0.6885817646980286,0.024906765669584274,14.402853012084961,0.032097227871418,0.013718700036406517
178,0.7706475853919983,0.8917079567909241,0.9081863760948181,0.6927467584609985,0.028103357180953026,14.464045524597168,0.03825481981039047,0.01611614227294922
179,0.7682719826698303,0.9058711528778076,0.9069322943687439,0.688180685043335,0.02517314814031124,14.456738471984863,0.02871105633676052,0.012519978918135166
180,0.7754912972450256,0.89082932472229,0.9098565578460693,0.6966032385826111,0.02623867802321911,14.498746871948242,0.032186105847358704,0.01345231756567955
181,0.7679943442344666,0.9039637446403503,0.9068730473518372,0.6904019713401794,0.024107618257403374,14.461573600769043,0.029486365616321564,0.012386787682771683
182,0.7739178538322449,0.888477623462677,0.9068098664283752,0.6979915499687195,0.025572722777724266,14.511637687683105,0.031145038083195686,0.013585508801043034
183,0.7699688673019409,0.8892379403114319,0.9072006344795227,0.6918829083442688,0.024906765669584274,14.49044132232666,0.028787879273295403,0.01265317015349865
184,0.7679325938224792,0.8938142657279968,0.9050525426864624,0.690803050994873,0.02597229555249214,14.50599479675293,0.035163480788469315,0.015183803625404835
185,0.7712646126747131,0.8886086940765381,0.9087306261062622,0.6933020949363708,0.026371870189905167,14.434699058532715,0.03178928419947624,0.013985082507133484
186,0.7712954878807068,0.8902685046195984,0.9034399390220642,0.6927775740623474,0.025039957836270332,14.457958221435547,0.0331457145512104,0.014118273742496967
187,0.7693517804145813,0.8935677409172058,0.9047791957855225,0.6921296715736389,0.028369739651679993,14.604364395141602,0.029287438839673996,0.012919552624225616
188,0.7737635970115662,0.8829963207244873,0.9089738726615906,0.6971893906593323,0.02024507150053978,14.593552589416504,0.02660217694938183,0.011720831505954266
189,0.7729306221008301,0.8828199505805969,0.9066714644432068,0.6968500018119812,0.028103357180953026,14.609885215759277,0.032757051289081573,0.014384656213223934
190,0.7720358967781067,0.8820474743843079,0.9065889716148376,0.6961712837219238,0.023308470845222473,14.664234161376953,0.02565614879131317,0.011587640270590782
191,0.7745657563209534,0.8744640350341797,0.904619574546814,0.7002128958702087,0.02770378254354,14.624459266662598,0.03749622032046318,0.016515716910362244
192,0.775676429271698,0.8744179606437683,0.9074348211288452,0.6992564797401428,0.025705913081765175,14.577009201049805,0.031731363385915756,0.013718700036406517
193,0.7789466977119446,0.8627788424491882,0.908096432685852,0.7017554640769958,0.0253063403069973,14.624133110046387,0.032687652856111526,0.014384656213223934
194,0.7734550833702087,0.8857220411300659,0.9078361392021179,0.698053240776062,0.028103357180953026,14.605035781860352,0.034703195095062256,0.015183803625404835
195,0.7757689952850342,0.8660532832145691,0.9084417223930359,0.7025267481803894,0.027171017602086067,14.683616638183594,0.03575721010565758,0.015849759802222252
196,0.774596631526947,0.87486732006073,0.90791255235672,0.7023416757583618,0.025439530611038208,14.615930557250977,0.03386211022734642,0.014784229919314384
197,0.7767254114151001,0.8693079948425293,0.9059226512908936,0.7017245888710022,0.025572722777724266,14.669981956481934,0.03531598672270775,0.015183803625404835
198,0.7786381840705872,0.8496418595314026,0.9080907106399536,0.7053651213645935,0.024906765669584274,14.624974250793457,0.03144844248890877,0.01385189127177
199,0.7794094681739807,0.85984206199646,0.9059801697731018,0.7057662010192871,0.02703782543540001,14.582630157470703,0.0328267477452755,0.014384656213223934
200,0.7786998748779297,0.8629094362258911,0.9075169563293457,0.7050874829292297,0.0269046351313591,14.687325477600098,0.033826638013124466,0.014917421154677868
201,0.7780828475952148,0.8616953492164612,0.9068781137466431,0.7057662010192871,0.026638252660632133,14.679777145385742,0.03367315232753754,0.014517847448587418
202,0.780180811882019,0.8539500832557678,0.9090765714645386,0.7103939652442932,0.0261054877191782,14.714407920837402,0.0317460335791111,0.01385189127177
203,0.78126060962677,0.8451411128044128,0.9074952602386475,0.7082343697547913,0.02863612212240696,14.668474197387695,0.03647058829665184,0.016515716910362244
204,0.7776817679405212,0.8684105277061462,0.9058632850646973,0.7068768739700317,0.025705913081765175,14.744688034057617,0.030356615781784058,0.013718700036406517
205,0.7835127711296082,0.8439394235610962,0.9107847809791565,0.7118131518363953,0.02344166301190853,14.751036643981934,0.028562746942043304,0.012519978918135166
206,0.7813839912414551,0.8451224565505981,0.9087886214256287,0.7082343697547913,0.02264251373708248,14.696176528930664,0.0312974788248539,0.013718700036406517
207,0.7831425666809082,0.8458549976348877,0.9084874987602234,0.7136334180831909,0.025839105248451233,14.796392440795898,0.028776979073882103,0.012786361388862133
208,0.7835127711296082,0.8435178995132446,0.9123499393463135,0.7129238247871399,0.02277570590376854,14.738666534423828,0.029108550399541855,0.012786361388862133
209,0.7840372920036316,0.8340023159980774,0.9117253422737122,0.7144047021865845,0.024773575365543365,14.777392387390137,0.03028503619134426,0.013585508801043034
210,0.7820318937301636,0.8432865738868713,0.9076862335205078,0.7086354494094849,0.025039957836270332,14.696456909179688,0.0346975103020668,0.015583377331495285
211,0.7834510803222656,0.8395915031433105,0.9079989194869995,0.7112886905670166,0.024773575365543365,14.876107215881348,0.030398624017834663,0.014118273742496967
212,0.7804893255233765,0.8528003692626953,0.9082080125808716,0.7097152471542358,0.0253063403069973,14.823712348937988,0.03284883871674538,0.015050612390041351
213,0.7858883738517761,0.8282172083854675,0.9080072045326233,0.7144047021865845,0.026371870189905167,14.720054626464844,0.033028606325387955,0.014917421154677868
214,0.7867213487625122,0.8386983275413513,0.9098953604698181,0.713756799697876,0.026638252660632133,14.877440452575684,0.03347034752368927,0.015183803625404835
215,0.7851787805557251,0.8340327739715576,0.9100903272628784,0.7151451706886292,0.025705913081765175,14.924274444580078,0.032143909484148026,0.014517847448587418
216,0.7900533676147461,0.8135663866996765,0.9132134318351746,0.7206984758377075,0.024640383198857307,14.889422416687012,0.032894738018512726,0.014651038683950901
217,0.7881405353546143,0.822024941444397,0.9133380055427551,0.719556987285614,0.023175280541181564,14.914405822753906,0.030760301277041435,0.014118273742496967
218,0.7857649922370911,0.8255104422569275,0.9092018008232117,0.7130163908004761,0.02344166301190853,14.908828735351562,0.02929234318435192,0.01345231756567955
219,0.7837287783622742,0.8373266458511353,0.9060276746749878,0.7150834798812866,0.026371870189905167,14.893012046813965,0.03561726585030556,0.015716569498181343
220,0.7882022857666016,0.8214234709739685,0.9110319018363953,0.7174590229988098,0.024640383198857307,14.942487716674805,0.02743212692439556,0.012919552624225616
221,0.7825872302055359,0.8351852297782898,0.9055621027946472,0.713263213634491,0.02517314814031124,14.864258766174316,0.031213872134685516,0.014384656213223934
222,0.7821553349494934,0.844343364238739,0.9083536863327026,0.7118748426437378,0.026771442964673042,14.911050796508789,0.03832852840423584,0.01771443709731102
223,0.784345805644989,0.8318844437599182,0.9055750370025635,0.7166260480880737,0.023974427953362465,14.849645614624023,0.0305017102509737,0.01425146497786045
224,0.7848702669143677,0.8404297232627869,0.9073392152786255,0.7147749066352844,0.021310601383447647,14.960158348083496,0.026553837582468987,0.012120405212044716
225,0.7905161380767822,0.8177996873855591,0.9102483987808228,0.7212229371070862,0.023708045482635498,15.004973411560059,0.02971978485584259,0.013985082507133484
226,0.788634181022644,0.8164070248603821,0.9110721349716187,0.7209761738777161,0.02517314814031124,14.969654083251953,0.0320901982486248,0.014784229919314384
227,0.7869064807891846,0.8167232871055603,0.9088243246078491,0.7171505093574524,0.02770378254354,14.9468994140625,0.03247126564383507,0.015050612390041351
228,0.7869373559951782,0.820637047290802,0.9117670059204102,0.7186005711555481,0.023175280541181564,15.090096473693848,0.027193719521164894,0.012919552624225616
229,0.7884182333946228,0.8164822459220886,0.9087652564048767,0.7200197577476501,0.022908898070454597,15.035871505737305,0.02759835496544838,0.012519978918135166
230,0.7868756651878357,0.8244741559028625,0.9096507430076599,0.7200197577476501,0.024773575365543365,14.927032470703125,0.028710881248116493,0.013319126330316067
231,0.7865362763404846,0.8245795965194702,0.9088743329048157,0.7178909778594971,0.023042088374495506,14.985689163208008,0.029659785330295563,0.013585508801043034
232,0.785548985004425,0.8254255056381226,0.9083427786827087,0.7185080051422119,0.02197655849158764,14.978233337402344,0.028901733458042145,0.013319126330316067
233,0.7897757291793823,0.8041841983795166,0.9105297923088074,0.7205750942230225,0.02264251373708248,15.075745582580566,0.026811180636286736,0.012519978918135166
234,0.7864745855331421,0.8127729892730713,0.9069659113883972,0.7218400239944458,0.024240810424089432,15.114848136901855,0.03185790777206421,0.015050612390041351
235,0.7898065447807312,0.8107705116271973,0.9079952239990234,0.7228272557258606,0.026505060493946075,15.109893798828125,0.03246571496129036,0.015450186096131802
236,0.7890969514846802,0.8179445266723633,0.908271849155426,0.7215623259544373,0.028902504593133926,15.087890625,0.037119731307029724,0.01771443709731102
237,0.7931385636329651,0.7998629808425903,0.9119072556495667,0.7256039381027222,0.024906765669584274,15.065464973449707,0.03492595627903938,0.016648907214403152
238,0.7897448539733887,0.8076042532920837,0.9069103002548218,0.7243698239326477,0.02517314814031124,15.140697479248047,0.03387947753071785,0.016249334439635277
239,0.7913491725921631,0.8001822829246521,0.9070689082145691,0.7272390723228455,0.026638252660632133,15.093029022216797,0.03054298646748066,0.014384656213223934
240,0.7867830991744995,0.8192493915557861,0.905828058719635,0.7202357053756714,0.0253063403069973,15.076509475708008,0.03390313312411308,0.015849759802222252
241,0.7939098477363586,0.7966862916946411,0.9117067456245422,0.7282571792602539,0.028902504593133926,15.003236770629883,0.03260258585214615,0.015450186096131802
242,0.7927683591842651,0.7915840148925781,0.9104893207550049,0.7268071174621582,0.022509323433041573,15.03024673461914,0.029428094625473022,0.014118273742496967
243,0.7920278906822205,0.7986413240432739,0.9108374118804932,0.725511372089386,0.024906765669584274,15.119634628295898,0.030799660831689835,0.014517847448587418
244,0.794465184211731,0.7958958745002747,0.9110845327377319,0.7280412316322327,0.02623867802321911,15.098831176757812,0.03577417507767677,0.017048481851816177
245,0.7930151224136353,0.7963451743125916,0.9095703959465027,0.7289358973503113,0.025439530611038208,15.042462348937988,0.03435548022389412,0.01611614227294922
246,0.7937864661216736,0.7886226773262024,0.909993052482605,0.7298923134803772,0.0261054877191782,15.16713809967041,0.03179430589079857,0.015316994860768318
247,0.7957918047904968,0.7860984802246094,0.9121493697166443,0.7293987274169922,0.02597229555249214,15.18973445892334,0.03364589065313339,0.016249334439635277
248,0.793878972530365,0.7879254221916199,0.9088994264602661,0.7322679162025452,0.028236547484993935,15.100650787353516,0.0389028824865818,0.01851358637213707
249,0.7955758571624756,0.7851082682609558,0.9102593660354614,0.7319594025611877,0.0269046351313591,15.151744842529297,0.03486788272857666,0.017048481851816177
250,0.7978897094726562,0.7873470187187195,0.9130619168281555,0.7313115000724792,0.024640383198857307,15.116957664489746,0.03500717505812645,0.016249334439635277
251,0.8009440898895264,0.7745406627655029,0.9126395583152771,0.7364637851715088,0.0261054877191782,15.112360000610352,0.033190272748470306,0.015450186096131802
252,0.7985067963600159,0.7708267569541931,0.9116142392158508,0.7366488575935364,0.03023441694676876,15.008735656738281,0.03662597015500069,0.01758124679327011
253,0.7962237596511841,0.7887647747993469,0.9095820188522339,0.7324530482292175,0.0261054877191782,14.981487274169922,0.03334275260567665,0.015716569498181343
254,0.7963471412658691,0.7707829475402832,0.9124784469604492,0.7343350052833557,0.0261054877191782,15.160943984985352,0.030713889747858047,0.014784229919314384
255,0.7947120070457458,0.7883592844009399,0.9094606041908264,0.7313731908798218,0.02437400072813034,15.09097957611084,0.033975083380937576,0.01598295196890831
256,0.7951130867004395,0.7866340279579163,0.9101684093475342,0.7320827841758728,0.024640383198857307,15.239908218383789,0.032337628304958344,0.015716569498181343
257,0.7967790961265564,0.790321409702301,0.9107410311698914,0.7322062253952026,0.02344166301190853,15.166580200195312,0.02816508710384369,0.01345231756567955
258,0.7944343090057373,0.782849907875061,0.9090874195098877,0.7311572432518005,0.021576983854174614,15.150135040283203,0.024837708100676537,0.011720831505954266
259,0.7997408509254456,0.7629382610321045,0.9098310470581055,0.7377904057502747,0.026771442964673042,15.220849990844727,0.033078186213970184,0.01611614227294922
260,0.7973344326019287,0.7844018340110779,0.9121026396751404,0.7347360849380493,0.0253063403069973,15.241900444030762,0.029792018234729767,0.014118273742496967
261,0.800049364566803,0.7725140452384949,0.9113133549690247,0.738345742225647,0.024640383198857307,15.20176887512207,0.031434185802936554,0.014917421154677868
262,0.8011600375175476,0.7625356316566467,0.9111948609352112,0.7385308146476746,0.0245071928948164,15.184638023376465,0.03174164891242981,0.015316994860768318
263,0.8026100397109985,0.7524716854095459,0.911896288394928,0.7421096563339233,0.023841235786676407,15.264684677124023,0.029147982597351074,0.01385189127177
264,0.7981674075126648,0.7744183540344238,0.908417820930481,0.738129734992981,0.02264251373708248,15.219354629516602,0.02752809040248394,0.0130527438595891
265,0.8003270030021667,0.7671263217926025,0.9109377861022949,0.7387159466743469,0.022109748795628548,15.181757926940918,0.027525460347533226,0.013319126330316067
266,0.7985993027687073,0.7660355567932129,0.9110525250434875,0.735970139503479,0.027304209768772125,15.319677352905273,0.035820893943309784,0.01758124679327011
267,0.8004195690155029,0.7608157396316528,0.9112306237220764,0.7369573712348938,0.02437400072813034,15.2808256149292,0.029963595792651176,0.01425146497786045
268,0.8009440898895264,0.7585347890853882,0.9115208983421326,0.7396106719970703,0.02783697471022606,15.31124496459961,0.033723145723342896,0.016515716910362244
269,0.7999876737594604,0.7633551955223083,0.9112851023674011,0.7396723628044128,0.02357485331594944,15.328028678894043,0.026044493541121483,0.012786361388862133
270,0.8007898330688477,0.7644801735877991,0.9111695289611816,0.7376669645309448,0.0245071928948164,15.275177001953125,0.030589543282985687,0.014651038683950901
271,0.8024557828903198,0.7534992098808289,0.911575198173523,0.7420170903205872,0.02517314814031124,15.369382858276367,0.033678069710731506,0.01691528968513012
272,0.7964705228805542,0.7728083729743958,0.9106782078742981,0.7369882464408875,0.02623867802321911,15.445313453674316,0.03154745697975159,0.015450186096131802
273,0.8003578782081604,0.7674158811569214,0.912329375743866,0.7403510808944702,0.02703782543540001,15.36095142364502,0.035889070481061935,0.01758124679327011
274,0.8023632764816284,0.7613541483879089,0.9111723899841309,0.7440224885940552,0.023974427953362465,15.369370460510254,0.03248898684978485,0.015716569498181343
275,0.801468551158905,0.7584292888641357,0.911818265914917,0.7417085766792297,0.027304209768772125,15.426436424255371,0.03472409024834633,0.017181672155857086
276,0.7970567345619202,0.7719192504882812,0.9072207808494568,0.7360935211181641,0.027570592239499092,15.438226699829102,0.034125033766031265,0.016648907214403152
277,0.7996174097061157,0.7692194581031799,0.9138128161430359,0.7392712831497192,0.02344166301190853,15.355043411254883,0.025584593415260315,0.012386787682771683
278,0.8038132786750793,0.7587817907333374,0.9121947288513184,0.7410298585891724,0.029035694897174835,15.475534439086914,0.038884419947862625,0.01931273378431797
279,0.8072995543479919,0.7397627830505371,0.9121338725090027,0.7465522885322571,0.025439530611038208,15.44279670715332,0.033195022493600845,0.01598295196890831
280,0.8038132786750793,0.7495607733726501,0.9106737971305847,0.7438681721687317,0.027437400072813034,15.42352294921875,0.03489338234066963,0.01678209938108921
281,0.8044611811637878,0.7518185973167419,0.9113852381706238,0.745349109172821,0.02597229555249214,15.439823150634766,0.03329723700881004,0.016382524743676186
282,0.805047333240509,0.7399488687515259,0.9125023484230042,0.7442075610160828,0.02597229555249214,15.55233383178711,0.03140939772129059,0.015583377331495285
283,0.8052941560745239,0.739010751247406,0.9108321070671082,0.7453182339668274,0.0261054877191782,15.443553924560547,0.032651979476213455,0.016382524743676186
284,0.8040601015090942,0.7433294057846069,0.9149975180625916,0.7455650568008423,0.024773575365543365,15.46349811553955,0.03135048225522041,0.015583377331495285
285,0.8083176612854004,0.7309560775756836,0.9113057851791382,0.7477864027023315,0.02517314814031124,15.437317848205566,0.03128400444984436,0.015316994860768318
286,0.8071452975273132,0.7390583753585815,0.9116359949111938,0.7454416155815125,0.026371870189905167,15.424242973327637,0.03580146282911301,0.01758124679327011
287,0.805263340473175,0.7383449077606201,0.911573052406311,0.7467682957649231,0.025039957836270332,15.593067169189453,0.028601977974176407,0.01425146497786045
288,0.8045845627784729,0.7481557726860046,0.9105362296104431,0.7438681721687317,0.021310601383447647,15.519360542297363,0.025113545358181,0.012519978918135166
289,0.8058186769485474,0.7478821873664856,0.9109316468238831,0.7481257319450378,0.023974427953362465,15.492856979370117,0.03231991082429886,0.015716569498181343
290,0.8052941560745239,0.7423695921897888,0.9134597182273865,0.7476938366889954,0.027437400072813034,15.470684051513672,0.03219645470380783,0.015716569498181343
291,0.8065282702445984,0.7468159794807434,0.9127723574638367,0.7496374845504761,0.024773575365543365,15.471855163574219,0.030747922137379646,0.014784229919314384
292,0.8082867860794067,0.724970281124115,0.912901759147644,0.7518279552459717,0.025039957836270332,15.433369636535645,0.034106411039829254,0.016648907214403152
293,0.8076080679893494,0.7322613000869751,0.9092104434967041,0.7467682957649231,0.02117741107940674,15.46091365814209,0.029548563063144684,0.014384656213223934
294,0.8053558468818665,0.7428377866744995,0.9112112522125244,0.7484959959983826,0.024906765669584274,15.559881210327148,0.02895086258649826,0.014517847448587418
295,0.8069292902946472,0.7404046654701233,0.9122602343559265,0.7483725547790527,0.022376131266355515,15.4490385055542,0.03131749480962753,0.015450186096131802
296,0.8064357042312622,0.7393394708633423,0.9128980040550232,0.7492055892944336,0.02344166301190853,15.557025909423828,0.03149814531207085,0.015849759802222252
297,0.810137927532196,0.7328251600265503,0.9120386242866516,0.752383291721344,0.025705913081765175,15.451386451721191,0.029300054535269737,0.014384656213223934
298,0.808502733707428,0.733852744102478,0.9111011028289795,0.750007688999176,0.023841235786676407,15.521771430969238,0.02899707295000553,0.014517847448587418
299,0.8091198205947876,0.7263155579566956,0.9132082462310791,0.7508407235145569,0.02517314814031124,15.60120964050293,0.031419284641742706,0.015450186096131802
300,0.8093665838241577,0.7280814051628113,0.9147269129753113,0.7492672801017761,0.023974427953362465,15.551313400268555,0.028029678389430046,0.013585508801043034
301,0.8154444098472595,0.7132364511489868,0.9173207879066467,0.7571653127670288,0.024640383198857307,15.718199729919434,0.030398322269320488,0.015450186096131802
302,0.8095517158508301,0.7145190834999084,0.9105624556541443,0.7532163262367249,0.0245071928948164,15.73228645324707,0.030609529465436935,0.015316994860768318
303,0.8098294138908386,0.7320727705955505,0.9126334190368652,0.749298095703125,0.022509323433041573,15.639630317687988,0.029500136151909828,0.014384656213223934
304,0.8111868500709534,0.7238699793815613,0.9159812331199646,0.7524141669273376,0.029834842309355736,15.536375999450684,0.03322949260473251,0.017048481851816177
305,0.8111560344696045,0.7230656147003174,0.9160881042480469,0.7531237602233887,0.024107618257403374,15.613579750061035,0.031040942296385765,0.015450186096131802
306,0.808842122554779,0.7345077991485596,0.9121537804603577,0.7509024143218994,0.026371870189905167,15.633917808532715,0.033602502197027206,0.017181672155857086
307,0.8085644841194153,0.7268431186676025,0.9101505875587463,0.7516120076179504,0.026371870189905167,15.601404190063477,0.028920138254761696,0.014517847448587418
308,0.8107549548149109,0.7234641313552856,0.9130369424819946,0.7527843713760376,0.025039957836270332,15.686131477355957,0.03161843493580818,0.015716569498181343
309,0.8082867860794067,0.7223914861679077,0.9103644490242004,0.7498226165771484,0.02770378254354,15.697247505187988,0.03072916716337204,0.015716569498181343
310,0.812667727470398,0.716320812702179,0.9141402840614319,0.7535248398780823,0.02357485331594944,15.603809356689453,0.031022390350699425,0.015316994860768318
311,0.8073921203613281,0.7312238812446594,0.9131478071212769,0.7512418031692505,0.024240810424089432,15.573492050170898,0.028034910559654236,0.014118273742496967
312,0.8141177892684937,0.7150799632072449,0.915455162525177,0.7576589584350586,0.022509323433041573,15.6957426071167,0.03031088039278984,0.015583377331495285
313,0.8186529874801636,0.7006716728210449,0.9173430800437927,0.7601271271705627,0.0245071928948164,15.707202911376953,0.028438469395041466,0.014651038683950901
314,0.8114645481109619,0.7139708995819092,0.914919912815094,0.7541109919548035,0.023974427953362465,15.586901664733887,0.0276008490473032,0.01385189127177
315,0.8111560344696045,0.7154415845870972,0.9097116589546204,0.7563014626502991,0.022509323433041573,15.61014175415039,0.02705627679824829,0.013319126330316067
316,0.8138092756271362,0.7188680768013,0.9164585471153259,0.7584611177444458,0.02264251373708248,15.686450958251953,0.027950311079621315,0.014384656213223934
317,0.8135624527931213,0.7086469531059265,0.9141227602958679,0.7566408514976501,0.025572722777724266,15.598982810974121,0.027133824303746223,0.013718700036406517
318,0.8149507641792297,0.7063600420951843,0.9161120057106018,0.7600962519645691,0.025439530611038208,15.600370407104492,0.03391167148947716,0.017181672155857086
319,0.8101687431335449,0.71901935338974,0.9124491214752197,0.753679096698761,0.023708045482635498,15.696617126464844,0.028556594625115395,0.014651038683950901
320,0.8125443458557129,0.710496187210083,0.9120389223098755,0.7575047016143799,0.02703782543540001,15.613051414489746,0.028678638860583305,0.01425146497786045
321,0.8149816393852234,0.7032732963562012,0.9152182936668396,0.758677065372467,0.021710176020860672,15.783636093139648,0.02757544256746769,0.014118273742496967
322,0.8160306215286255,0.7001981735229492,0.9138780832290649,0.7608367204666138,0.024906765669584274,15.718405723571777,0.03122580610215664,0.01611614227294922
323,0.8113102912902832,0.7211191058158875,0.9125728011131287,0.7542035579681396,0.027171017602086067,15.727359771728516,0.03281653672456741,0.01691528968513012
324,0.812667727470398,0.7056249380111694,0.9127287864685059,0.7585844993591309,0.02943526953458786,15.601278305053711,0.03430984541773796,0.017314864322543144
325,0.8137167096138,0.7082393765449524,0.9138695597648621,0.7568259835243225,0.02517314814031124,15.826996803283691,0.026940517127513885,0.01345231756567955
326,0.8114645481109619,0.7144510746002197,0.9146527647972107,0.7578132152557373,0.024906765669584274,15.712750434875488,0.02777777798473835,0.01425146497786045
327,0.8136550188064575,0.7045044302940369,0.9180989265441895,0.7580909132957458,0.023708045482635498,15.679306983947754,0.029669763520359993,0.015316994860768318
328,0.8124209642410278,0.7106442451477051,0.9142654538154602,0.7557153105735779,0.024107618257403374,15.812421798706055,0.029548989608883858,0.015183803625404835
329,0.8123592138290405,0.7151962518692017,0.9116794466972351,0.7566717267036438,0.0253063403069973,15.718194007873535,0.03068920597434044,0.015716569498181343
330,0.8158146142959595,0.7080997824668884,0.9127887487411499,0.7594792246818542,0.022242940962314606,15.79224681854248,0.026970410719513893,0.013718700036406517
331,0.8120198845863342,0.7171118259429932,0.9128628969192505,0.7595409154891968,0.02344166301190853,15.76297378540039,0.027515722438693047,0.013985082507133484
332,0.8122667074203491,0.710163414478302,0.9145471453666687,0.755468487739563,0.023974427953362465,15.681764602661133,0.028871390968561172,0.014651038683950901
333,0.8137784004211426,0.7055702805519104,0.9150887131690979,0.7604047656059265,0.02344166301190853,15.696682929992676,0.029218215495347977,0.014784229919314384
334,0.8176657557487488,0.6943453550338745,0.9167562127113342,0.7634590864181519,0.024640383198857307,15.745640754699707,0.031625717878341675,0.01611614227294922
335,0.8145188689231873,0.7085419297218323,0.9134657979011536,0.7601271271705627,0.025439530611038208,15.715274810791016,0.033377137035131454,0.01691528968513012
336,0.8163699507713318,0.6992250680923462,0.9168673157691956,0.763551652431488,0.027970165014266968,15.765287399291992,0.033119384199380875,0.017181672155857086
337,0.8162774443626404,0.6937534213066101,0.9154449701309204,0.7629037499427795,0.02783697471022606,15.827760696411133,0.03180661424994469,0.016648907214403152
338,0.8130996823310852,0.7037507891654968,0.9123868346214294,0.758553683757782,0.027304209768772125,15.687271118164062,0.03094378486275673,0.01598295196890831
339,0.8177274465560913,0.6876967549324036,0.9149424433708191,0.7626261115074158,0.027570592239499092,15.705184936523438,0.031903766095638275,0.016249334439635277
340,0.816462516784668,0.6955075263977051,0.9158105254173279,0.7618239521980286,0.022509323433041573,15.874800682067871,0.025464732199907303,0.013319126330316067
341,0.8146114349365234,0.7024179697036743,0.914463460445404,0.7619165182113647,0.022908898070454597,15.76369571685791,0.02865041419863701,0.015183803625404835
342,0.8164933919906616,0.6958334445953369,0.9142338037490845,0.760343074798584,0.02357485331594944,15.806185722351074,0.027806652709841728,0.01425146497786045
343,0.8204115629196167,0.6899133920669556,0.9174843430519104,0.7673772573471069,0.022509323433041573,15.828105926513672,0.027006369084119797,0.014118273742496967
344,0.8155678510665894,0.702869713306427,0.9145058393478394,0.7616696953773499,0.023708045482635498,15.704587936401367,0.026873385533690453,0.01385189127177
345,0.8165859580039978,0.69345623254776,0.9144841432571411,0.7637676000595093,0.025439530611038208,15.840011596679688,0.030358068645000458,0.015583377331495285
346,0.8204424381256104,0.6783191561698914,0.9160173535346985,0.7689198851585388,0.023841235786676407,15.877503395080566,0.027149321511387825,0.013585508801043034
347,0.8184987306594849,0.6879372000694275,0.9147412776947021,0.764631450176239,0.022908898070454597,15.840903282165527,0.026309067383408546,0.013718700036406517
348,0.815012514591217,0.6996767520904541,0.913341760635376,0.7599111199378967,0.02863612212240696,15.825230598449707,0.03595447540283203,0.01851358637213707
349,0.8205041289329529,0.6852483153343201,0.9168267846107483,0.7655261754989624,0.026505060493946075,15.912525177001953,0.02901202253997326,0.014784229919314384
350,0.8162156939506531,0.6912339329719543,0.9137147665023804,0.7631814479827881,0.022908898070454597,15.926862716674805,0.027805611491203308,0.014784229919314384
351,0.8191157579421997,0.6879585981369019,0.9165096879005432,0.7654027938842773,0.024773575365543365,15.896461486816406,0.03162055462598801,0.01598295196890831
352,0.8209360241889954,0.6748831868171692,0.9162811040878296,0.7698763012886047,0.025572722777724266,15.872749328613281,0.02762991189956665,0.014517847448587418
353,0.8183136582374573,0.6843950152397156,0.914472222328186,0.7649708390235901,0.0253063403069973,15.82923698425293,0.030586451292037964,0.01611614227294922
354,0.8175731897354126,0.6893680095672607,0.9161658883094788,0.7666985392570496,0.024906765669584274,15.8884859085083,0.02868020348250866,0.015050612390041351
355,0.8213062882423401,0.6793950796127319,0.9147464036941528,0.7666677236557007,0.02517314814031124,15.925593376159668,0.030601922422647476,0.01611614227294922
356,0.8180051445960999,0.6955491900444031,0.9160994291305542,0.7640144228935242,0.025439530611038208,15.902979850769043,0.029153766110539436,0.015050612390041351
357,0.8202264308929443,0.6806515455245972,0.9134572744369507,0.7668836712837219,0.0253063403069973,16.01936149597168,0.030551990494132042,0.015849759802222252
358,0.8216148018836975,0.6752229332923889,0.9139769077301025,0.7696602940559387,0.027171017602086067,15.97858715057373,0.025724275037646294,0.013718700036406517
359,0.8172955513000488,0.693077802658081,0.9124369621276855,0.7648165822029114,0.025439530611038208,15.883783340454102,0.030957335606217384,0.015849759802222252
360,0.8206275105476379,0.6855959892272949,0.9159295558929443,0.7666985392570496,0.02863612212240696,15.8150053024292,0.03327495604753494,0.01771443709731102
361,0.819671094417572,0.6890137195587158,0.9157817363739014,0.7662357687950134,0.0269046351313591,16.03057098388672,0.033795710653066635,0.017847629263997078
362,0.822632908821106,0.6698477864265442,0.9161643385887146,0.7690432667732239,0.023841235786676407,16.08259391784668,0.029441118240356445,0.015716569498181343
363,0.8225403428077698,0.6728838682174683,0.9149395227432251,0.772221028804779,0.022908898070454597,16.06536865234375,0.02641904354095459,0.01345231756567955
364,0.8166167736053467,0.6855885982513428,0.9130498766899109,0.7645697593688965,0.0269046351313591,16.067012786865234,0.03229087218642235,0.01691528968513012
365,0.8217381834983826,0.6719433665275574,0.9133901596069336,0.7704624533653259,0.025839105248451233,15.982717514038086,0.03369925916194916,0.01758124679327011
366,0.8256563544273376,0.651479184627533,0.9198638200759888,0.7752136588096619,0.024640383198857307,16.000083923339844,0.028740055859088898,0.014917421154677868
367,0.8253170251846313,0.6682021021842957,0.9167032241821289,0.7731157541275024,0.026371870189905167,15.97408676147461,0.028981855139136314,0.015316994860768318
368,0.8242063522338867,0.6639494299888611,0.9174748659133911,0.7734550833702087,0.02344166301190853,16.03986930847168,0.025752168148756027,0.01345231756567955
369,0.8261191248893738,0.6590673327445984,0.9174460172653198,0.7717890739440918,0.022908898070454597,15.89504623413086,0.027648579329252243,0.01425146497786045
370,0.8217073678970337,0.6732301712036133,0.9153547883033752,0.7713571786880493,0.02876931242644787,15.891888618469238,0.030777256935834885,0.015716569498181343
371,0.8238052725791931,0.6652769446372986,0.9177484512329102,0.7721284627914429,0.02863612212240696,15.929914474487305,0.03397190198302269,0.01771443709731102
372,0.8200104832649231,0.6845409274101257,0.9132572412490845,0.7678709030151367,0.02437400072813034,16.059934616088867,0.028549183160066605,0.014651038683950901
373,0.8212445378303528,0.6708207130432129,0.9147017002105713,0.7695369124412537,0.025839105248451233,16.088882446289062,0.03423105925321579,0.018114011734724045
374,0.8218616247177124,0.6742578148841858,0.9171769022941589,0.7717890739440918,0.0269046351313591,15.961762428283691,0.029036294668912888,0.015450186096131802
375,0.8249776363372803,0.6567627191543579,0.9154285192489624,0.7717582583427429,0.026638252660632133,15.984476089477539,0.03256997466087341,0.017048481851816177
376,0.8234967589378357,0.6600157022476196,0.9150722026824951,0.770215630531311,0.02783697471022606,16.078388214111328,0.04009077325463295,0.02117741107940674
377,0.824052095413208,0.6619810461997986,0.916392982006073,0.7747200131416321,0.025705913081765175,16.113048553466797,0.02737317979335785,0.014517847448587418
378,0.8226637244224548,0.6754692196846008,0.9177247881889343,0.7715423107147217,0.027970165014266968,16.01537322998047,0.032586559653282166,0.017048481851816177
379,0.8243297338485718,0.670842707157135,0.9173915982246399,0.7743189334869385,0.02876931242644787,15.967290878295898,0.03202664479613304,0.016648907214403152
380,0.8242680430412292,0.6646199822425842,0.9175419807434082,0.7734550833702087,0.024640383198857307,15.98226547241211,0.032274723052978516,0.016648907214403152
381,0.8279702663421631,0.6550795435905457,0.91835618019104,0.7756147384643555,0.02623867802321911,16.035493850708008,0.03211937099695206,0.01691528968513012
382,0.8252861499786377,0.6629602313041687,0.9197481274604797,0.7750594019889832,0.023974427953362465,16.030113220214844,0.02857142873108387,0.015050612390041351
383,0.8237127065658569,0.6649373173713684,0.9171988368034363,0.7754296064376831,0.02517314814031124,16.07159423828125,0.027397260069847107,0.014118273742496967
384,0.8266127705574036,0.6605422496795654,0.915875256061554,0.7765711545944214,0.02770378254354,15.94931697845459,0.03355196863412857,0.01771443709731102
385,0.8255020976066589,0.6665292382240295,0.9159765243530273,0.7745657563209534,0.027970165014266968,16.031099319458008,0.03462321683764458,0.018114011734724045
386,0.8278468251228333,0.6424445509910583,0.9157142043113708,0.7786381840705872,0.024906765669584274,16.085634231567383,0.029559118673205376,0.015716569498181343
387,0.8236201405525208,0.6663427948951721,0.9173387289047241,0.7720667719841003,0.024107618257403374,15.927087783813477,0.029981907457113266,0.015450186096131802
388,0.8265202045440674,0.6666960120201111,0.9170145392417908,0.7793477773666382,0.024107618257403374,16.023324966430664,0.02933065965771675,0.015583377331495285
389,0.828217089176178,0.6497079133987427,0.918266236782074,0.7778052091598511,0.022376131266355515,16.078550338745117,0.027033984661102295,0.013985082507133484
390,0.826551079750061,0.6499977707862854,0.9174938201904297,0.7757073044776917,0.023974427953362465,15.987568855285645,0.031464096158742905,0.016515716910362244
391,0.8301607370376587,0.6440497636795044,0.9182837009429932,0.7811063528060913,0.02357485331594944,16.016883850097656,0.027580970898270607,0.014517847448587418
392,0.8233733177185059,0.6699745059013367,0.9150744080543518,0.7742263674736023,0.024640383198857307,16.08187484741211,0.02897455357015133,0.015316994860768318
393,0.8241446614265442,0.6693832874298096,0.9143543839454651,0.7746891975402832,0.022908898070454597,16.15058708190918,0.025364138185977936,0.01345231756567955
394,0.83000648021698,0.6423458456993103,0.9158241748809814,0.7797488570213318,0.0245071928948164,16.16096305847168,0.02677677758038044,0.01425146497786045
395,0.8273532390594482,0.6540809869766235,0.9158491492271423,0.7776509523391724,0.028236547484993935,16.137685775756836,0.03089187853038311,0.016515716910362244
396,0.828001081943512,0.6469826102256775,0.9185999631881714,0.7781445980072021,0.028902504593133926,16.06393814086914,0.030811622738838196,0.016382524743676186
397,0.8288032412528992,0.6517045497894287,0.919562816619873,0.778761625289917,0.022109748795628548,16.122154235839844,0.02536783367395401,0.013319126330316067
398,0.8240212202072144,0.6678006649017334,0.915916919708252,0.7726221084594727,0.024773575365543365,16.050384521484375,0.0308657456189394,0.016382524743676186
399,0.8285564184188843,0.6397771835327148,0.9163340926170349,0.7791935205459595,0.025439530611038208,16.01964569091797,0.029336078092455864,0.015183803625404835
400,0.8303149938583374,0.6412307024002075,0.9198389053344727,0.7820318937301636,0.023974427953362465,16.152854919433594,0.024894200265407562,0.013319126330316067
401,0.8246691226959229,0.6560852527618408,0.9171153903007507,0.7776509523391724,0.02597229555249214,16.089723587036133,0.024173656478524208,0.0130527438595891
402,0.8249159455299377,0.6591756343841553,0.9161797165870667,0.7739178538322449,0.02437400072813034,16.024446487426758,0.029880981892347336,0.015716569498181343
403,0.8277543187141418,0.643001139163971,0.9185745716094971,0.7785764932632446,0.02703782543540001,16.070585250854492,0.026207605376839638,0.013585508801043034
404,0.8233116269111633,0.6595934629440308,0.9151634573936462,0.7747817039489746,0.023841235786676407,16.10375213623047,0.028500620275735855,0.015316994860768318
405,0.8260574340820312,0.664846658706665,0.9164173603057861,0.774966835975647,0.025439530611038208,16.121021270751953,0.02908385917544365,0.01598295196890831
406,0.8264585137367249,0.6565722823143005,0.9160627722740173,0.7761083245277405,0.024107618257403374,16.11398696899414,0.03501750901341438,0.01864677667617798
407,0.8267362117767334,0.64738929271698,0.9172341227531433,0.7771573066711426,0.026638252660632133,16.249143600463867,0.027824824675917625,0.015316994860768318
408,0.8273532390594482,0.6567899584770203,0.9172120690345764,0.7782988548278809,0.024640383198857307,16.01740074157715,0.02875318005681038,0.015050612390041351
409,0.827630877494812,0.6535424590110779,0.917591392993927,0.7780828475952148,0.0253063403069973,16.188182830810547,0.026812313124537468,0.014384656213223934
410,0.8299139142036438,0.6414439082145691,0.9159913063049316,0.7811063528060913,0.025705913081765175,16.185644149780273,0.029301276430487633,0.015583377331495285
411,0.830129861831665,0.645475447177887,0.9171627759933472,0.7795020341873169,0.024906765669584274,16.22943878173828,0.02956393174827099,0.01598295196890831
412,0.8292043209075928,0.6419966220855713,0.9168751835823059,0.779964804649353,0.02517314814031124,16.242097854614258,0.029802152886986732,0.015849759802222252
413,0.8286489844322205,0.641472578048706,0.9187912940979004,0.7804893255233765,0.025039957836270332,16.13872718811035,0.02718062698841095,0.014651038683950901
414,0.8267362117767334,0.6506471633911133,0.9171057939529419,0.7785764932632446,0.026505060493946075,16.166034698486328,0.02991347387433052,0.01611614227294922
415,0.8276000618934631,0.6474049687385559,0.916309654712677,0.7786073684692383,0.024773575365543365,16.265094757080078,0.023152709007263184,0.012519978918135166
416,0.8279085755348206,0.6486541628837585,0.9183577299118042,0.7804893255233765,0.024240810424089432,16.136459350585938,0.027813218533992767,0.014517847448587418
417,0.8288958072662354,0.6414381265640259,0.9192797541618347,0.7796562910079956,0.023974427953362465,16.208248138427734,0.02790234237909317,0.014917421154677868
418,0.8288032412528992,0.6416102647781372,0.9201772212982178,0.7817233800888062,0.02623867802321911,16.26786231994629,0.031320471316576004,0.016648907214403152
419,0.8288649320602417,0.6421637535095215,0.9157834053039551,0.7810137867927551,0.023308470845222473,16.137784957885742,0.02688172087073326,0.013985082507133484
420,0.8303766846656799,0.6369450092315674,0.9153620600700378,0.7811063528060913,0.02091102860867977,16.334096908569336,0.024289531633257866,0.013319126330316067
421,0.8267053365707397,0.6583683490753174,0.9175845980644226,0.7786998748779297,0.022109748795628548,16.290664672851562,0.026633786037564278,0.014384656213223934
